2024-12-09 16:12:04.284 [main] INFO 746 Connexion réussie
2024-12-09 16:12:06.301 [main] INFO 772 Connexion réussie
2024-12-09 16:12:08.308 [main] INFO 483 Connexion réussie
2024-12-09 16:12:10.318 [main] INFO 843 Connexion réussie
2024-12-09 16:12:12.334 [main] INFO 407 Connexion réussie
2024-12-09 16:12:14.345 [main] INFO 846 Connexion réussie
2024-12-09 16:12:16.349 [main] INFO 832 Connexion réussie
2024-12-09 16:12:18.353 [main] INFO 561 Connexion réussie
2024-12-09 16:12:20.364 [main] INFO 949 Connexion réussie
2024-12-09 16:12:22.368 [main] INFO 539 Connexion réussie
2024-12-09 16:14:06.522 [main] INFO Connexion réussie
2024-12-09 16:14:08.536 [main] INFO Connexion réussie
2024-12-09 16:14:10.543 [main] INFO Connexion réussie
2024-12-09 16:14:12.554 [main] INFO Connexion réussie
2024-12-09 16:14:14.563 [main] INFO Connexion réussie
2024-12-09 16:14:16.574 [main] INFO Connexion réussie
2024-12-09 16:14:18.585 [main] INFO Connexion réussie
2024-12-09 16:14:20.588 [main] INFO Connexion réussie
2024-12-09 16:15:26.769 [main] INFO Connexion réussie
2024-12-09 16:15:28.789 [main] INFO Connexion réussie
2024-12-09 16:15:30.803 [main] INFO Connexion réussie
2024-12-09 16:15:32.815 [main] INFO Connexion réussie
2024-12-09 16:15:34.818 [main] INFO Connexion réussie
2024-12-09 16:15:36.820 [main] INFO Connexion réussie
2024-12-09 16:15:38.837 [main] INFO Connexion réussie
2024-12-09 16:15:40.842 [main] INFO Connexion réussie
2024-12-09 16:15:42.855 [main] INFO Connexion réussie
2024-12-09 16:15:44.868 [main] INFO Connexion réussie
2024-12-09 16:20:30.661 [main] INFO ${userID} Connexion réussie
2024-12-09 16:20:32.677 [main] INFO ${userID} Connexion réussie
2024-12-09 16:23:20.928 [main] INFO $X{userID} Connexion réussie
2024-12-09 16:23:22.953 [main] INFO $X{userID} Connexion réussie
2024-12-09 16:23:24.959 [main] INFO $X{userID} Connexion réussie
2024-12-09 16:24:53.088 [main] INFO 745 Connexion réussie
2024-12-09 16:24:55.108 [main] INFO 861 Connexion réussie
2024-12-09 16:24:57.110 [main] INFO 535 Connexion réussie
2024-12-09 16:24:59.119 [main] INFO 313 Connexion réussie
2024-12-09 16:32:05.178 [main] INFO 303 Connexion réussie
2024-12-09 16:32:07.191 [main] INFO 954 Connexion réussie
2024-12-09 16:32:09.202 [main] INFO 885 Connexion réussie
2024-12-09 16:32:11.203 [main] INFO 511 Connexion réussie
2024-12-09 16:32:13.218 [main] INFO 58 Connexion réussie
2024-12-09 16:32:15.229 [main] INFO 524 Connexion réussie
2024-12-09 16:32:17.243 [main] INFO 333 Connexion réussie
2024-12-09 16:32:19.248 [main] INFO 835 Connexion réussie
2024-12-09 16:32:21.252 [main] INFO 525 Connexion réussie
2024-12-09 16:32:23.263 [main] INFO 776 Connexion réussie
2024-12-09 16:32:33.124 [main] INFO 555 Connexion réussie
2024-12-09 16:32:35.141 [main] INFO 952 Connexion réussie
2024-12-09 16:32:37.143 [main] INFO 785 Connexion réussie
2024-12-09 16:32:39.154 [main] INFO 594 Connexion réussie
2024-12-09 16:32:41.165 [main] INFO 856 Connexion réussie
2024-12-09 16:32:43.174 [main] INFO 496 Connexion réussie
2024-12-09 16:32:45.177 [main] INFO 914 Connexion réussie
2024-12-09 16:32:47.181 [main] INFO 845 Connexion réussie
2024-12-09 16:32:49.186 [main] INFO 317 Connexion réussie
2024-12-09 16:32:51.198 [main] INFO 709 Connexion réussie
2024-12-09 16:32:59.161 [main] INFO 859 Connexion réussie
2024-12-09 16:33:01.176 [main] INFO 920 Connexion réussie
2024-12-09 16:33:02.316 [main] INFO 215 Connexion réussie
2024-12-09 16:33:03.186 [main] INFO 443 Connexion réussie
2024-12-09 16:33:04.322 [main] INFO 417 Connexion réussie
2024-12-09 16:33:05.197 [main] INFO 575 Connexion réussie
2024-12-09 16:33:06.334 [main] INFO 978 Connexion réussie
2024-12-09 16:33:07.205 [main] INFO 767 Connexion réussie
2024-12-09 16:33:08.347 [main] INFO 201 Connexion réussie
2024-12-09 16:33:09.214 [main] INFO 318 Connexion réussie
2024-12-09 16:33:11.222 [main] INFO 523 Connexion réussie
2024-12-09 16:33:13.232 [main] INFO 404 Connexion réussie
2024-12-09 16:33:15.241 [main] INFO 356 Connexion réussie
2024-12-09 16:33:17.248 [main] INFO 672 Connexion réussie
2024-12-09 19:49:55.683 [main] INFO 713 Connexion
2024-12-09 19:49:57.704 [main] INFO 642 Connexion
2024-12-09 19:49:59.708 [main] INFO 283 Connexion
2024-12-09 19:51:58.731 [main] INFO 802 Connexion
2024-12-09 19:52:00.744 [main] INFO 237 Connexion
2024-12-09 19:52:02.749 [main] INFO 987 Connexion
2024-12-09 19:52:04.757 [main] INFO 348 Connexion
2024-12-09 19:52:06.772 [main] INFO 368 Connexion
2024-12-09 19:52:08.788 [main] INFO 385 Connexion
2024-12-09 19:52:10.793 [main] INFO 367 Connexion
2024-12-09 19:52:12.810 [main] INFO 3 Connexion
2024-12-09 19:52:14.825 [main] INFO 824 Connexion
2024-12-09 19:52:16.839 [main] INFO 999 Connexion
2024-12-09 19:53:32.589 [main] INFO 792 Connexion
2024-12-09 19:53:34.607 [main] INFO 687 Connexion
2024-12-09 19:53:36.616 [main] INFO 429 Connexion
2024-12-09 19:53:38.627 [main] INFO 146 Connexion
2024-12-09 19:53:40.642 [main] INFO 460 Connexion
16:23:03 [main] INFO 31262 Connexion_réussie
09:42:56 [main] INFO 81864 Connexion_réussie
09:04:12 [main] INFO 31982 Connexion_réussie
12:49:42 [main] INFO 62193 Connexion_réussie
16:41:56 [main] INFO 69638 Connexion_réussie
2024-12-09 11:22:14.681 [main] INFO 99185 Connexion_réussie
2024-12-09 10:38:45.990 [main] INFO 76786 Connexion_réussie
2024-12-09 11:17:15.630 [main] INFO 59901 Connexion_réussie
2024-12-09 09:24:58.996 [main] INFO 84313 Connexion_réussie
2024-12-09 13:30:16.370 [main] INFO 91393 Connexion_réussie
2024-12-09 13:17:54.330 [main] INFO 51649 Connexion_réussie
2024-12-09 15:06:52.750 [main] INFO 36008 Connexion_réussie
2024-12-09 12:21:41.074 [main] INFO 97666 Connexion_réussie
2024-12-09 10:59:36.861 [main] INFO 93659 Connexion_réussie
2024-12-09 14:30:08.476 [main] INFO 62789 Connexion_réussie
2024-12-09 16:21:02.912 [main] INFO 18552 Connexion_réussie
2024-12-09 15:18:35.473 [main] INFO 84036 Connexion_réussie
2024-12-09 09:41:55.924 [main] INFO 44443 Connexion_réussie
2024-12-09 11:42:55.853 [main] INFO 97639 Connexion_réussie
2024-12-09 13:20:07.701 [main] INFO 71953 Connexion_réussie
2024-12-09 11:31:47.844 [main] INFO 35394 Connexion_réussie
2024-12-09 13:32:41.987 [main] INFO 63580 Connexion_réussie
2024-12-09 11:39:21.321 [main] INFO 99674 Connexion_réussie
2024-12-09 15:04:49.333 [main] INFO 53417 Connexion_réussie
2024-12-09 15:17:05.671 [main] INFO 10037 Connexion_réussie
2024-12-09 11:32:03.473 [main] INFO 71844 Connexion_réussie
2024-12-09 11:15:34.087 [main] INFO 37817 Connexion_réussie
2024-12-09 11:15:53.609 [main] INFO 99170 Connexion_réussie
2024-12-09 10:18:11.596 [main] INFO 72797 Connexion_réussie
2024-12-09 12:46:46.796 [main] INFO 18095 Connexion_réussie
2024-12-09 14:40:49.340 [main] INFO 1421 Connexion_réussie
2024-12-09 16:23:33.288 [main] INFO 19137 Connexion_réussie
2024-12-09 13:37:14.891 [main] INFO 91346 Connexion_réussie
2024-12-09 16:09:37.415 [main] INFO 20866 Connexion_réussie
2024-12-09 09:25:38.657 [main] INFO 87844 Connexion_réussie
2024-12-09 13:27:36.706 [main] INFO 21454 Connexion_réussie
2024-12-09 09:37:24.386 [main] INFO 3705 Connexion_réussie
2024-12-09 15:43:45.007 [main] INFO 27477 Connexion_réussie
2024-12-09 09:41:09.659 [main] INFO 99032 Connexion_réussie
2024-12-09 09:59:28.740 [main] INFO 39367 Connexion_réussie
2024-12-09 13:37:28.568 [main] INFO 66718 Connexion_réussie
2024-12-09 13:40:32.963 [main] INFO 91174 Connexion_réussie
2024-12-09 10:04:41.140 [main] INFO 99707 Connexion_réussie
2024-12-09 11:55:14.167 [main] INFO 44492 Connexion_réussie
2024-12-09 15:42:37.919 [main] INFO 22109 Connexion_réussie
2024-12-09 13:24:31.988 [main] INFO 37326 Connexion_réussie
2024-12-09 16:42:33.988 [main] INFO 7838 Connexion_réussie
2024-12-09 11:03:20.166 [main] INFO 84529 Connexion_réussie
2024-12-09 16:45:46.608 [main] INFO 72849 Connexion_réussie
2024-12-09 12:59:38.947 [main] INFO 54536 Connexion_réussie
2024-12-09 13:36:20.179 [main] INFO 7032 Connexion_réussie
2024-12-09 12:43:23.739 [main] INFO 65528 Connexion_réussie
2024-12-09 10:36:49.540 [main] INFO 47399 Connexion_réussie
2024-12-09 13:34:58.941 [main] INFO 7257 Connexion_réussie
2024-12-09 11:21:24.663 [main] INFO 25932 Connexion_réussie
2024-12-09 11:34:24.251 [main] INFO 76209 Connexion_réussie
2024-12-09 09:59:29.902 [main] INFO 11478 Connexion_réussie
2024-12-09 13:06:50.960 [main] INFO 88535 Connexion_réussie
2024-12-09 16:20:19.897 [main] INFO 85992 Connexion_réussie
2024-12-09 14:26:28.947 [main] INFO 21840 Connexion_réussie
2024-12-09 09:46:29.152 [main] INFO 11372 Connexion_réussie
2024-12-09 15:01:16.214 [main] INFO 43259 Connexion_réussie
2024-12-09 11:56:40.110 [main] INFO 42501 Connexion_réussie
2024-12-09 11:14:44.530 [main] INFO 13000 Connexion_réussie
2024-12-09 15:10:55.220 [main] INFO 91585 Connexion_réussie
2024-12-09 16:15:14.631 [main] INFO 86370 Connexion_réussie
2024-12-09 09:43:30.223 [main] INFO 35087 Connexion_réussie
2024-12-09 16:04:07.031 [main] INFO 99462 Connexion_réussie
2024-12-09 11:57:28.761 [main] INFO 58890 Connexion_réussie
2024-12-09 15:42:00.812 [main] INFO 40445 Connexion_réussie
2024-12-09 16:49:57.246 [main] INFO 89890 Connexion_réussie
2024-12-09 15:54:44.825 [main] INFO 23721 Connexion_réussie
2024-12-09 15:21:34.231 [main] INFO 70187 Connexion_réussie
2024-12-09 09:04:27.830 [main] INFO 73530 Connexion_réussie
2024-12-09 16:41:54.174 [main] INFO 99727 Connexion_réussie
2024-12-09 11:31:40.878 [main] INFO 1054 Connexion_réussie
2024-12-09 15:24:50.953 [main] INFO 75689 Connexion_réussie
2024-12-09 14:19:50.550 [main] INFO 18410 Connexion_réussie
2024-12-09 16:07:09.340 [main] INFO 46202 Connexion_réussie
2024-12-09 12:19:21.987 [main] INFO 4985 Connexion_réussie
2024-12-09 15:55:25.038 [main] INFO 3643 Connexion_réussie
2024-12-09 16:42:35.166 [main] INFO 59762 Connexion_réussie
2024-12-09 13:02:42.527 [main] INFO 41601 Connexion_réussie
2024-12-09 14:00:32.203 [main] INFO 5966 Connexion_réussie
2024-12-09 15:28:32.356 [main] INFO 5405 Connexion_réussie
2024-12-09 12:52:56.974 [main] INFO 6926 Connexion_réussie
2024-12-09 14:28:49.345 [main] INFO 80346 Connexion_réussie
2024-12-09 14:49:17.324 [main] INFO 18639 Connexion_réussie
2024-12-09 11:14:55.577 [main] INFO 19905 Connexion_réussie
2024-12-09 15:59:13.097 [main] INFO 66943 Connexion_réussie
2024-12-09 10:21:56.434 [main] INFO 53081 Connexion_réussie
2024-12-09 10:56:58.804 [main] INFO 26078 Connexion_réussie
2024-12-09 12:44:42.343 [main] INFO 73378 Connexion_réussie
2024-12-09 15:54:24.062 [main] INFO 23510 Connexion_réussie
2024-12-09 15:40:35.047 [main] INFO 1644 Connexion_réussie
2024-12-09 12:32:07.273 [main] INFO 25875 Connexion_réussie
2024-12-09 15:47:49.003 [main] INFO 74166 Connexion_réussie
2024-12-09 10:21:28.451 [main] INFO 70106 Connexion_réussie
2024-12-09 13:29:39.163 [main] INFO 45285 Connexion_réussie
2024-12-09 11:46:41.126 [main] INFO 69768 Connexion_réussie
2024-12-09 12:30:52.394 [main] INFO 35966 Connexion_réussie
2024-12-09 11:28:51.372 [main] INFO 25556 Connexion_réussie
2024-12-09 09:56:16.418 [main] INFO 64084 Connexion_réussie
2024-12-09 13:25:24.739 [main] INFO 15040 Connexion_réussie
2024-12-09 12:51:54.465 [main] INFO 27709 Connexion_réussie
2024-12-09 10:55:42.403 [main] INFO 54203 Connexion_réussie
2024-12-09 12:14:08.221 [main] INFO 63278 Connexion_réussie
2024-12-09 15:09:22.204 [main] INFO 52727 Connexion_réussie
2024-12-09 14:56:38.271 [main] INFO 4866 Connexion_réussie
2024-12-09 11:54:43.584 [main] INFO 88953 Connexion_réussie
2024-12-09 09:07:04.415 [main] INFO 82766 Connexion_réussie
2024-12-09 13:48:19.122 [main] INFO 21059 Connexion_réussie
2024-12-09 13:36:58.144 [main] INFO 62468 Connexion_réussie
2024-12-09 15:53:11.568 [main] INFO 93693 Connexion_réussie
2024-12-09 12:17:43.075 [main] INFO 42806 Connexion_réussie
2024-12-09 10:24:44.807 [main] INFO 75401 Connexion_réussie
2024-12-09 16:08:25.864 [main] INFO 33065 Connexion_réussie
2024-12-09 09:32:01.515 [main] INFO 18523 Connexion_réussie
2024-12-09 11:12:27.288 [main] INFO 77713 Connexion_réussie
2024-12-09 09:45:05.532 [main] INFO 94459 Connexion_réussie
2024-12-09 12:09:58.858 [main] INFO 78530 Connexion_réussie
2024-12-09 10:56:35.158 [main] INFO 84222 Connexion_réussie
2024-12-09 15:35:08.034 [main] INFO 96663 Connexion_réussie
2024-12-09 11:35:50.037 [main] INFO 98062 Connexion_réussie
2024-12-09 12:04:22.684 [main] INFO 61079 Connexion_réussie
2024-12-09 14:05:31.056 [main] INFO 35535 Connexion_réussie
2024-12-09 16:06:04.085 [main] INFO 44174 Connexion_réussie
2024-12-09 14:17:41.293 [main] INFO 83609 Connexion_réussie
2024-12-09 15:17:55.729 [main] INFO 41818 Connexion_réussie
2024-12-09 10:36:15.112 [main] INFO 1949 Connexion_réussie
2024-12-09 10:06:52.136 [main] INFO 5930 Connexion_réussie
2024-12-09 16:53:30.397 [main] INFO 99752 Connexion_réussie
2024-12-09 12:38:02.130 [main] INFO 33594 Connexion_réussie
2024-12-09 14:34:19.124 [main] INFO 11053 Connexion_réussie
2024-12-09 09:50:21.052 [main] INFO 98449 Connexion_réussie
2024-12-09 16:56:44.045 [main] INFO 60735 Connexion_réussie
2024-12-09 09:57:00.049 [main] INFO 59478 Connexion_réussie
2024-12-09 11:32:40.901 [main] INFO 4284 Connexion_réussie
2024-12-09 16:24:47.527 [main] INFO 3165 Connexion_réussie
2024-12-09 13:29:10.102 [main] INFO 10987 Connexion_réussie
2024-12-09 14:32:42.059 [main] INFO 20716 Connexion_réussie
2024-12-09 11:06:22.070 [main] INFO 59120 Connexion_réussie
2024-12-09 16:16:28.033 [main] INFO 60318 Connexion_réussie
2024-12-09 11:54:38.967 [main] INFO 85730 Connexion_réussie
2024-12-09 13:32:50.922 [main] INFO 80013 Connexion_réussie
2024-12-09 12:50:57.605 [main] INFO 47422 Connexion_réussie
2024-12-09 11:53:18.802 [main] INFO 99611 Connexion_réussie
2024-12-09 14:03:01.412 [main] INFO 93596 Connexion_réussie
2024-12-09 15:52:46.756 [main] INFO 23567 Connexion_réussie
2024-12-09 16:18:53.985 [main] INFO 72180 Connexion_réussie
2024-12-09 14:22:14.702 [main] INFO 59605 Connexion_réussie
2024-12-09 15:27:59.982 [main] INFO 69930 Connexion_réussie
2024-12-09 10:14:15.099 [main] INFO 1694 Connexion_réussie
2024-12-09 11:21:53.074 [main] INFO 83624 Connexion_réussie
2024-12-09 14:00:04.574 [main] INFO 37704 Connexion_réussie
2024-12-09 15:58:17.717 [main] INFO 44691 Connexion_réussie
2024-12-09 09:57:48.890 [main] INFO 89583 Connexion_réussie
2024-12-09 16:39:35.751 [main] INFO 18520 Connexion_réussie
2024-12-09 14:39:43.044 [main] INFO 81966 Connexion_réussie
2024-12-09 12:41:58.176 [main] INFO 23310 Connexion_réussie
2024-12-09 15:05:42.840 [main] INFO 18834 Connexion_réussie
2024-12-09 15:12:42.401 [main] INFO 16545 Connexion_réussie
2024-12-09 14:26:07.826 [main] INFO 76577 Connexion_réussie
2024-12-09 15:13:59.333 [main] INFO 923 Connexion_réussie
2024-12-09 12:28:48.652 [main] INFO 42467 Connexion_réussie
2024-12-09 12:52:20.253 [main] INFO 26012 Connexion_réussie
2024-12-09 10:44:11.255 [main] INFO 26077 Connexion_réussie
2024-12-09 12:42:01.893 [main] INFO 74427 Connexion_réussie
2024-12-09 16:25:51.813 [main] INFO 12701 Connexion_réussie
2024-12-09 16:50:46.032 [main] INFO 72563 Connexion_réussie
2024-12-09 12:12:13.567 [main] INFO 32864 Connexion_réussie
2024-12-09 09:36:01.000 [main] INFO 25902 Connexion_réussie
2024-12-09 12:47:43.732 [main] INFO 71179 Connexion_réussie
2024-12-09 12:51:07.996 [main] INFO 60642 Connexion_réussie
2024-12-09 16:54:16.726 [main] INFO 64207 Connexion_réussie
2024-12-09 15:45:02.230 [main] INFO 82443 Connexion_réussie
2024-12-09 11:32:33.536 [main] INFO 33692 Connexion_réussie
2024-12-09 11:02:50.519 [main] INFO 15785 Connexion_réussie
2024-12-09 16:21:52.968 [main] INFO 86261 Connexion_réussie
2024-12-09 15:06:27.494 [main] INFO 28219 Connexion_réussie
2024-12-09 13:25:01.301 [main] INFO 14674 Connexion_réussie
2024-12-09 14:52:12.076 [main] INFO 33838 Connexion_réussie
2024-12-09 12:13:58.760 [main] INFO 74538 Connexion_réussie
2024-12-09 15:39:31.080 [main] INFO 12975 Connexion_réussie
2024-12-09 09:46:53.450 [main] INFO 5656 Connexion_réussie
2024-12-09 09:58:41.993 [main] INFO 15600 Connexion_réussie
2024-12-09 16:50:32.715 [main] INFO 30382 Connexion_réussie
2024-12-09 14:34:11.285 [main] INFO 55969 Connexion_réussie
2024-12-09 09:39:44.213 [main] INFO 45037 Connexion_réussie
2024-12-09 16:48:42.312 [main] INFO 35079 Connexion_réussie
2024-12-09 13:34:37.303 [main] INFO 73488 Connexion_réussie
2024-12-09 11:11:58.896 [main] INFO 41096 Connexion_réussie
2024-12-09 14:59:09.477 [main] INFO 89857 Connexion_réussie
2024-12-09 12:10:05.458 [main] INFO 75192 Connexion_réussie
2024-12-09 15:04:34.637 [main] INFO 37616 Connexion_réussie
2024-12-09 14:03:16.581 [main] INFO 41747 Connexion_réussie
2024-12-09 14:32:52.508 [main] INFO 43483 Connexion_réussie
2024-12-09 16:05:42.678 [main] INFO 47286 Connexion_réussie
2024-12-09 11:46:59.792 [main] INFO 98972 Connexion_réussie
2024-12-09 11:33:09.102 [main] INFO 91527 Connexion_réussie
2024-12-09 16:47:44.799 [main] INFO 26067 Connexion_réussie
2024-12-09 13:35:38.856 [main] INFO 58066 Connexion_réussie
2024-12-09 10:25:08.017 [main] INFO 55578 Connexion_réussie
2024-12-09 12:58:30.541 [main] INFO 91892 Connexion_réussie
2024-12-09 09:02:35.227 [main] INFO 22211 Connexion_réussie
2024-12-09 16:00:14.293 [main] INFO 48259 Connexion_réussie
2024-12-09 09:52:21.033 [main] INFO 37027 Connexion_réussie
2024-12-09 14:52:27.675 [main] INFO 5682 Connexion_réussie
2024-12-09 14:24:30.117 [main] INFO 52980 Connexion_réussie
2024-12-09 11:30:21.372 [main] INFO 6705 Connexion_réussie
2024-12-09 15:35:33.650 [main] INFO 38856 Connexion_réussie
2024-12-09 11:12:35.392 [main] INFO 46810 Connexion_réussie
2024-12-09 12:34:16.486 [main] INFO 30744 Connexion_réussie
2024-12-09 14:13:38.775 [main] INFO 11164 Connexion_réussie
2024-12-09 15:10:52.809 [main] INFO 80916 Connexion_réussie
2024-12-09 10:25:25.869 [main] INFO 28447 Connexion_réussie
2024-12-09 15:00:42.521 [main] INFO 29236 Connexion_réussie
2024-12-09 10:47:06.248 [main] INFO 99019 Connexion_réussie
2024-12-09 09:35:32.027 [main] INFO 35054 Connexion_réussie
2024-12-09 11:50:11.180 [main] INFO 58348 Connexion_réussie
2024-12-09 13:35:34.602 [main] INFO 63511 Connexion_réussie
2024-12-09 13:51:33.839 [main] INFO 40432 Connexion_réussie
2024-12-09 16:48:57.155 [main] INFO 83928 Connexion_réussie
2024-12-09 09:41:18.624 [main] INFO 50104 Connexion_réussie
2024-12-09 16:22:49.388 [main] INFO 55531 Connexion_réussie
2024-12-09 12:04:49.599 [main] INFO 54391 Connexion_réussie
2024-12-09 10:21:49.214 [main] INFO 81048 Connexion_réussie
2024-12-09 11:14:21.982 [main] INFO 14149 Connexion_réussie
2024-12-09 16:54:44.943 [main] INFO 5159 Connexion_réussie
2024-12-09 10:18:37.745 [main] INFO 90733 Connexion_réussie
2024-12-09 12:07:59.731 [main] INFO 84979 Connexion_réussie
2024-12-09 13:23:10.804 [main] INFO 28760 Connexion_réussie
2024-12-09 15:17:02.028 [main] INFO 9310 Connexion_réussie
2024-12-09 13:54:20.842 [main] INFO 10190 Connexion_réussie
2024-12-09 11:54:41.906 [main] INFO 3728 Connexion_réussie
2024-12-09 10:41:55.353 [main] INFO 80657 Connexion_réussie
2024-12-09 10:15:16.950 [main] INFO 84311 Connexion_réussie
2024-12-09 16:42:50.822 [main] INFO 77448 Connexion_réussie
2024-12-09 12:18:46.663 [main] INFO 66816 Connexion_réussie
2024-12-09 12:52:06.643 [main] INFO 90058 Connexion_réussie
2024-12-09 12:56:14.911 [main] INFO 9882 Connexion_réussie
2024-12-09 11:16:34.703 [main] INFO 51627 Connexion_réussie
2024-12-09 09:49:45.250 [main] INFO 81336 Connexion_réussie
2024-12-09 16:37:37.903 [main] INFO 73197 Connexion_réussie
2024-12-09 13:30:37.588 [main] INFO 20035 Connexion_réussie
2024-12-09 12:59:43.199 [main] INFO 74675 Connexion_réussie
2024-12-09 11:44:39.134 [main] INFO 75288 Connexion_réussie
2024-12-09 09:20:17.897 [main] INFO 90254 Connexion_réussie
2024-12-09 12:38:30.637 [main] INFO 22199 Connexion_réussie
2024-12-09 15:53:13.425 [main] INFO 99117 Connexion_réussie
2024-12-09 15:45:55.628 [main] INFO 39595 Connexion_réussie
2024-12-09 11:42:38.492 [main] INFO 37224 Connexion_réussie
2024-12-09 11:07:22.741 [main] INFO 28048 Connexion_réussie
2024-12-09 14:48:44.063 [main] INFO 60421 Connexion_réussie
2024-12-09 16:20:56.268 [main] INFO 87851 Connexion_réussie
2024-12-09 16:41:48.235 [main] INFO 76181 Connexion_réussie
2024-12-09 14:15:46.873 [main] INFO 74997 Connexion_réussie
2024-12-09 09:56:09.693 [main] INFO 57329 Connexion_réussie
2024-12-09 11:34:18.583 [main] INFO 23488 Connexion_réussie
2024-12-09 13:22:33.663 [main] INFO 57126 Connexion_réussie
2024-12-09 09:03:14.008 [main] INFO 69259 Connexion_réussie
2024-12-09 13:02:28.012 [main] INFO 23159 Connexion_réussie
2024-12-09 14:15:38.828 [main] INFO 95524 Connexion_réussie
2024-12-09 09:48:47.698 [main] INFO 96993 Connexion_réussie
2024-12-09 10:33:01.560 [main] INFO 26818 Connexion_réussie
2024-12-09 15:31:31.993 [main] INFO 57978 Connexion_réussie
2024-12-09 15:15:48.292 [main] INFO 97734 Connexion_réussie
2024-12-09 12:31:37.777 [main] INFO 75801 Connexion_réussie
2024-12-09 15:08:16.369 [main] INFO 1101 Connexion_réussie
2024-12-09 10:28:13.427 [main] INFO 60003 Connexion_réussie
2024-12-09 10:17:11.307 [main] INFO 57865 Connexion_réussie
2024-12-09 13:21:25.464 [main] INFO 51751 Connexion_réussie
2024-12-09 09:55:08.232 [main] INFO 52689 Connexion_réussie
2024-12-09 11:17:38.140 [main] INFO 42507 Connexion_réussie
2024-12-09 10:48:07.182 [main] INFO 42696 Connexion_réussie
2024-12-09 12:29:53.478 [main] INFO 10311 Connexion_réussie
2024-12-09 10:23:19.338 [main] INFO 89529 Connexion_réussie
2024-12-09 15:30:18.592 [main] INFO 35878 Connexion_réussie
2024-12-09 10:47:35.899 [main] INFO 22328 Connexion_réussie
2024-12-09 14:13:48.383 [main] INFO 59343 Connexion_réussie
2024-12-09 09:21:46.522 [main] INFO 46980 Connexion_réussie
2024-12-09 09:30:44.058 [main] INFO 21865 Connexion_réussie
2024-12-09 09:09:43.713 [main] INFO 76618 Connexion_réussie
2024-12-09 14:26:43.449 [main] INFO 15689 Connexion_réussie
2024-12-09 11:25:12.848 [main] INFO 31387 Connexion_réussie
2024-12-09 15:24:32.622 [main] INFO 83708 Connexion_réussie
2024-12-09 14:38:44.973 [main] INFO 58091 Connexion_réussie
2024-12-09 16:59:50.863 [main] INFO 85872 Connexion_réussie
2024-12-09 10:57:19.160 [main] INFO 24483 Connexion_réussie
2024-12-09 09:04:38.559 [main] INFO 70012 Connexion_réussie
2024-12-09 15:41:55.718 [main] INFO 63050 Connexion_réussie
2024-12-09 15:56:37.610 [main] INFO 37800 Connexion_réussie
2024-12-09 10:05:52.484 [main] INFO 52010 Connexion_réussie
2024-12-09 09:06:41.912 [main] INFO 83944 Connexion_réussie
2024-12-09 16:30:53.486 [main] INFO 86005 Connexion_réussie
2024-12-09 09:42:28.046 [main] INFO 1655 Connexion_réussie
2024-12-09 14:19:46.743 [main] INFO 34689 Connexion_réussie
2024-12-09 13:49:03.505 [main] INFO 16044 Connexion_réussie
2024-12-09 16:07:05.781 [main] INFO 22527 Connexion_réussie
2024-12-09 11:59:15.841 [main] INFO 58528 Connexion_réussie
2024-12-09 12:59:45.303 [main] INFO 1511 Connexion_réussie
2024-12-09 11:15:57.336 [main] INFO 6602 Connexion_réussie
2024-12-09 11:08:16.730 [main] INFO 5858 Connexion_réussie
2024-12-09 12:27:30.951 [main] INFO 29406 Connexion_réussie
2024-12-09 14:46:41.070 [main] INFO 21086 Connexion_réussie
2024-12-09 13:46:28.928 [main] INFO 4485 Connexion_réussie
2024-12-09 16:29:25.536 [main] INFO 58205 Connexion_réussie
2024-12-09 14:17:50.121 [main] INFO 16510 Connexion_réussie
2024-12-09 09:21:17.404 [main] INFO 91644 Connexion_réussie
2024-12-09 09:23:41.190 [main] INFO 73321 Connexion_réussie
2024-12-09 09:44:33.988 [main] INFO 40954 Connexion_réussie
2024-12-09 12:04:28.133 [main] INFO 94775 Connexion_réussie
2024-12-09 12:44:13.676 [main] INFO 82751 Connexion_réussie
2024-12-09 16:39:19.711 [main] INFO 57781 Connexion_réussie
2024-12-09 16:43:38.614 [main] INFO 7311 Connexion_réussie
2024-12-09 11:51:20.944 [main] INFO 69731 Connexion_réussie
2024-12-09 11:32:16.137 [main] INFO 5917 Connexion_réussie
2024-12-09 10:26:46.990 [main] INFO 33864 Connexion_réussie
2024-12-09 11:47:31.131 [main] INFO 15422 Connexion_réussie
2024-12-09 10:09:11.655 [main] INFO 52096 Connexion_réussie
2024-12-09 12:10:56.037 [main] INFO 42743 Connexion_réussie
2024-12-09 09:54:38.273 [main] INFO 44106 Connexion_réussie
2024-12-09 15:19:26.646 [main] INFO 7515 Connexion_réussie
2024-12-09 13:07:24.531 [main] INFO 36769 Connexion_réussie
2024-12-09 09:54:13.486 [main] INFO 49898 Connexion_réussie
2024-12-09 09:37:11.692 [main] INFO 25490 Connexion_réussie
2024-12-09 12:05:30.933 [main] INFO 83209 Connexion_réussie
2024-12-09 09:31:09.387 [main] INFO 43629 Connexion_réussie
2024-12-09 11:08:21.637 [main] INFO 54562 Connexion_réussie
2024-12-09 16:02:01.790 [main] INFO 56118 Connexion_réussie
2024-12-09 10:32:11.615 [main] INFO 70528 Connexion_réussie
2024-12-09 14:29:50.268 [main] INFO 60442 Connexion_réussie
2024-12-09 15:54:57.228 [main] INFO 28490 Connexion_réussie
2024-12-09 12:42:16.745 [main] INFO 18289 Connexion_réussie
2024-12-09 11:31:38.288 [main] INFO 6575 Connexion_réussie
2024-12-09 11:13:00.188 [main] INFO 49955 Connexion_réussie
2024-12-09 13:57:44.611 [main] INFO 90084 Connexion_réussie
2024-12-09 09:29:13.934 [main] INFO 78765 Connexion_réussie
2024-12-09 10:58:21.686 [main] INFO 7131 Connexion_réussie
2024-12-09 14:24:21.893 [main] INFO 33829 Connexion_réussie
2024-12-09 13:38:01.879 [main] INFO 2801 Connexion_réussie
2024-12-09 11:34:30.253 [main] INFO 82960 Connexion_réussie
2024-12-09 12:54:36.324 [main] INFO 61345 Connexion_réussie
2024-12-09 12:45:11.638 [main] INFO 87129 Connexion_réussie
2024-12-09 11:52:40.431 [main] INFO 6349 Connexion_réussie
2024-12-09 09:41:45.866 [main] INFO 25795 Connexion_réussie
2024-12-09 11:43:41.168 [main] INFO 82909 Connexion_réussie
2024-12-09 16:36:26.636 [main] INFO 46858 Connexion_réussie
2024-12-09 09:44:34.196 [main] INFO 66459 Connexion_réussie
2024-12-09 11:47:01.164 [main] INFO 22942 Connexion_réussie
2024-12-09 13:38:29.410 [main] INFO 80807 Connexion_réussie
2024-12-09 16:25:06.878 [main] INFO 50231 Connexion_réussie
2024-12-09 14:07:26.916 [main] INFO 5175 Connexion_réussie
2024-12-09 16:00:04.384 [main] INFO 71600 Connexion_réussie
2024-12-09 10:56:13.643 [main] INFO 30038 Connexion_réussie
2024-12-09 11:03:55.919 [main] INFO 41827 Connexion_réussie
2024-12-09 11:53:09.475 [main] INFO 61038 Connexion_réussie
2024-12-09 16:44:37.283 [main] INFO 50795 Connexion_réussie
2024-12-09 16:16:43.495 [main] INFO 85380 Connexion_réussie
2024-12-09 16:53:55.701 [main] INFO 60568 Connexion_réussie
2024-12-09 14:52:05.398 [main] INFO 29798 Connexion_réussie
2024-12-09 15:37:28.805 [main] INFO 37005 Connexion_réussie
2024-12-09 10:08:24.904 [main] INFO 22477 Connexion_réussie
2024-12-09 12:33:54.551 [main] INFO 79995 Connexion_réussie
2024-12-09 12:20:02.973 [main] INFO 33211 Connexion_réussie
2024-12-09 10:14:56.225 [main] INFO 13994 Connexion_réussie
2024-12-09 14:51:27.593 [main] INFO 70805 Connexion_réussie
2024-12-09 16:00:47.636 [main] INFO 99561 Connexion_réussie
2024-12-09 15:39:13.892 [main] INFO 29895 Connexion_réussie
2024-12-09 15:56:24.170 [main] INFO 88342 Connexion_réussie
2024-12-09 09:52:32.339 [main] INFO 56485 Connexion_réussie
2024-12-09 09:38:53.702 [main] INFO 51504 Connexion_réussie
2024-12-09 12:55:30.262 [main] INFO 21180 Connexion_réussie
2024-12-09 15:46:43.312 [main] INFO 92783 Connexion_réussie
2024-12-09 15:46:36.847 [main] INFO 3505 Connexion_réussie
2024-12-09 10:32:24.110 [main] INFO 35945 Connexion_réussie
2024-12-09 14:25:31.343 [main] INFO 61074 Connexion_réussie
2024-12-09 14:06:38.089 [main] INFO 13736 Connexion_réussie
2024-12-09 12:05:15.769 [main] INFO 5497 Connexion_réussie
2024-12-09 16:09:12.234 [main] INFO 57651 Connexion_réussie
2024-12-09 16:33:22.268 [main] INFO 76887 Connexion_réussie
2024-12-09 09:59:56.371 [main] INFO 30225 Connexion_réussie
2024-12-09 16:20:40.677 [main] INFO 86538 Connexion_réussie
2024-12-09 09:56:58.122 [main] INFO 40937 Connexion_réussie
2024-12-09 16:23:29.448 [main] INFO 88551 Connexion_réussie
2024-12-09 12:40:34.551 [main] INFO 4418 Connexion_réussie
2024-12-09 09:40:36.145 [main] INFO 45184 Connexion_réussie
2024-12-09 15:08:42.682 [main] INFO 45988 Connexion_réussie
2024-12-09 16:10:27.598 [main] INFO 78425 Connexion_réussie
2024-12-09 16:02:00.032 [main] INFO 66054 Connexion_réussie
2024-12-09 15:42:11.022 [main] INFO 58506 Connexion_réussie
2024-12-09 10:46:04.368 [main] INFO 50443 Connexion_réussie
2024-12-09 16:15:11.246 [main] INFO 9651 Connexion_réussie
2024-12-09 09:42:56.969 [main] INFO 16517 Connexion_réussie
2024-12-09 12:09:10.667 [main] INFO 92841 Connexion_réussie
2024-12-09 14:12:10.293 [main] INFO 2519 Connexion_réussie
2024-12-09 11:13:58.613 [main] INFO 11196 Connexion_réussie
2024-12-09 11:54:02.837 [main] INFO 5099 Connexion_réussie
2024-12-09 10:04:38.144 [main] INFO 3638 Connexion_réussie
2024-12-09 09:44:15.353 [main] INFO 48421 Connexion_réussie
2024-12-09 13:05:42.133 [main] INFO 25452 Connexion_réussie
2024-12-09 15:18:01.257 [main] INFO 83125 Connexion_réussie
2024-12-09 10:23:09.468 [main] INFO 4800 Connexion_réussie
2024-12-09 15:40:59.871 [main] INFO 54131 Connexion_réussie
2024-12-09 11:49:52.622 [main] INFO 41857 Connexion_réussie
2024-12-09 12:51:50.588 [main] INFO 69051 Connexion_réussie
2024-12-09 12:55:49.211 [main] INFO 41198 Connexion_réussie
2024-12-09 14:08:31.985 [main] INFO 29373 Connexion_réussie
2024-12-09 12:30:49.319 [main] INFO 35056 Connexion_réussie
2024-12-09 13:08:15.632 [main] INFO 40888 Connexion_réussie
2024-12-09 16:04:34.815 [main] INFO 33735 Connexion_réussie
2024-12-09 10:42:24.574 [main] INFO 3440 Connexion_réussie
2024-12-09 16:35:56.109 [main] INFO 58518 Connexion_réussie
2024-12-09 12:01:47.809 [main] INFO 49877 Connexion_réussie
2024-12-09 12:52:06.145 [main] INFO 61035 Connexion_réussie
2024-12-09 10:58:08.190 [main] INFO 70827 Connexion_réussie
2024-12-09 11:36:28.519 [main] INFO 48074 Connexion_réussie
2024-12-09 09:44:20.986 [main] INFO 84083 Connexion_réussie
2024-12-09 15:31:21.148 [main] INFO 79805 Connexion_réussie
2024-12-09 10:15:21.335 [main] INFO 70230 Connexion_réussie
2024-12-09 12:29:53.787 [main] INFO 82417 Connexion_réussie
2024-12-09 13:32:41.848 [main] INFO 32280 Connexion_réussie
2024-12-09 11:11:47.015 [main] INFO 36063 Connexion_réussie
2024-12-09 13:58:38.552 [main] INFO 19163 Connexion_réussie
2024-12-09 10:48:27.504 [main] INFO 8237 Connexion_réussie
2024-12-09 12:21:50.983 [main] INFO 5458 Connexion_réussie
2024-12-09 09:17:02.532 [main] INFO 45785 Connexion_réussie
2024-12-09 10:13:35.323 [main] INFO 34850 Connexion_réussie
2024-12-09 12:18:35.577 [main] INFO 38546 Connexion_réussie
2024-12-09 12:03:26.601 [main] INFO 26151 Connexion_réussie
2024-12-09 11:32:52.161 [main] INFO 57272 Connexion_réussie
2024-12-09 12:41:08.368 [main] INFO 31626 Connexion_réussie
2024-12-09 14:30:05.250 [main] INFO 30102 Connexion_réussie
2024-12-09 15:06:29.045 [main] INFO 67902 Connexion_réussie
2024-12-09 12:38:50.171 [main] INFO 99215 Connexion_réussie
2024-12-09 16:12:35.533 [main] INFO 57922 Connexion_réussie
2024-12-09 10:03:38.842 [main] INFO 67492 Connexion_réussie
2024-12-09 09:15:40.861 [main] INFO 84903 Connexion_réussie
2024-12-09 16:06:48.834 [main] INFO 74845 Connexion_réussie
2024-12-09 12:50:05.131 [main] INFO 2438 Connexion_réussie
2024-12-09 16:36:23.845 [main] INFO 78445 Connexion_réussie
2024-12-09 10:25:15.441 [main] INFO 64326 Connexion_réussie
2024-12-09 13:34:04.053 [main] INFO 55210 Connexion_réussie
2024-12-09 15:36:11.819 [main] INFO 24086 Connexion_réussie
2024-12-09 15:54:05.852 [main] INFO 4092 Connexion_réussie
2024-12-09 12:34:57.296 [main] INFO 80126 Connexion_réussie
2024-12-09 13:58:10.698 [main] INFO 85102 Connexion_réussie
2024-12-09 16:23:49.558 [main] INFO 90673 Connexion_réussie
2024-12-09 12:11:03.195 [main] INFO 66820 Connexion_réussie
2024-12-09 13:46:54.557 [main] INFO 96217 Connexion_réussie
2024-12-09 15:17:26.865 [main] INFO 98832 Connexion_réussie
2024-12-09 15:07:11.522 [main] INFO 25135 Connexion_réussie
2024-12-09 14:30:50.599 [main] INFO 3192 Connexion_réussie
2024-12-09 14:37:46.487 [main] INFO 48308 Connexion_réussie
2024-12-09 14:00:22.717 [main] INFO 82280 Connexion_réussie
2024-12-09 09:43:04.921 [main] INFO 10428 Connexion_réussie
2024-12-09 10:44:15.002 [main] INFO 11607 Connexion_réussie
2024-12-09 12:54:13.937 [main] INFO 3591 Connexion_réussie
2024-12-09 16:29:51.440 [main] INFO 12193 Connexion_réussie
2024-12-09 10:41:57.244 [main] INFO 41649 Connexion_réussie
2024-12-09 15:33:36.836 [main] INFO 99137 Connexion_réussie
2024-12-09 15:44:44.729 [main] INFO 41555 Connexion_réussie
2024-12-09 14:22:31.498 [main] INFO 15486 Connexion_réussie
2024-12-09 15:55:11.278 [main] INFO 87661 Connexion_réussie
2024-12-09 13:43:46.351 [main] INFO 11658 Connexion_réussie
2024-12-09 10:38:48.725 [main] INFO 7813 Connexion_réussie
2024-12-09 15:03:57.933 [main] INFO 70839 Connexion_réussie
2024-12-09 16:01:20.148 [main] INFO 46066 Connexion_réussie
2024-12-09 15:29:50.990 [main] INFO 43561 Connexion_réussie
2024-12-09 14:39:49.271 [main] INFO 49768 Connexion_réussie
2024-12-09 14:18:40.088 [main] INFO 20608 Connexion_réussie
2024-12-09 13:46:28.288 [main] INFO 34011 Connexion_réussie
2024-12-09 15:39:52.011 [main] INFO 44621 Connexion_réussie
2024-12-09 14:59:58.490 [main] INFO 87208 Connexion_réussie
2024-12-09 15:38:06.559 [main] INFO 3719 Connexion_réussie
2024-12-09 11:58:56.293 [main] INFO 3897 Connexion_réussie
2024-12-09 16:23:19.740 [main] INFO 37293 Connexion_réussie
2024-12-09 09:37:20.845 [main] INFO 95809 Connexion_réussie
2024-12-09 09:31:52.563 [main] INFO 54552 Connexion_réussie
2024-12-09 15:51:58.174 [main] INFO 89582 Connexion_réussie
2024-12-09 12:08:43.058 [main] INFO 99258 Connexion_réussie
2024-12-09 14:16:37.269 [main] INFO 20614 Connexion_réussie
2024-12-09 11:46:00.218 [main] INFO 7678 Connexion_réussie
2024-12-09 09:28:33.576 [main] INFO 28065 Connexion_réussie
2024-12-09 15:38:38.045 [main] INFO 33395 Connexion_réussie
2024-12-09 15:14:32.089 [main] INFO 16462 Connexion_réussie
2024-12-09 11:16:12.141 [main] INFO 77095 Connexion_réussie
2024-12-09 12:19:14.087 [main] INFO 59649 Connexion_réussie
2024-12-09 13:47:42.414 [main] INFO 94229 Connexion_réussie
2024-12-09 09:49:22.157 [main] INFO 77658 Connexion_réussie
2024-12-09 13:45:15.345 [main] INFO 71588 Connexion_réussie
2024-12-09 10:27:59.013 [main] INFO 12662 Connexion_réussie
2024-12-09 16:44:40.418 [main] INFO 44621 Connexion_réussie
2024-12-09 16:10:56.216 [main] INFO 12194 Connexion_réussie
2024-12-09 10:51:30.117 [main] INFO 84332 Connexion_réussie
2024-12-09 16:49:47.285 [main] INFO 96353 Connexion_réussie
2024-12-09 13:16:54.648 [main] INFO 32619 Connexion_réussie
2024-12-09 09:24:44.602 [main] INFO 69502 Connexion_réussie
2024-12-09 12:41:59.575 [main] INFO 39644 Connexion_réussie
2024-12-09 12:32:12.846 [main] INFO 41237 Connexion_réussie
2024-12-09 16:19:43.295 [main] INFO 65620 Connexion_réussie
2024-12-09 13:13:45.574 [main] INFO 33840 Connexion_réussie
2024-12-09 12:55:09.323 [main] INFO 8445 Connexion_réussie
2024-12-09 14:00:34.916 [main] INFO 67661 Connexion_réussie
2024-12-09 15:31:28.223 [main] INFO 72115 Connexion_réussie
2024-12-09 14:28:17.446 [main] INFO 83792 Connexion_réussie
2024-12-09 16:43:40.217 [main] INFO 92226 Connexion_réussie
2024-12-09 14:16:05.009 [main] INFO 91981 Connexion_réussie
2024-12-09 16:37:39.410 [main] INFO 26925 Connexion_réussie
2024-12-09 10:47:26.724 [main] INFO 29744 Connexion_réussie
2024-12-09 09:34:45.801 [main] INFO 70891 Connexion_réussie
2024-12-09 12:57:14.594 [main] INFO 17782 Connexion_réussie
2024-12-09 13:02:48.670 [main] INFO 7279 Connexion_réussie
2024-12-09 16:04:45.885 [main] INFO 55215 Connexion_réussie
2024-12-09 16:37:27.653 [main] INFO 91307 Connexion_réussie
2024-12-09 15:15:10.813 [main] INFO 79362 Connexion_réussie
2024-12-09 11:51:53.169 [main] INFO 79942 Connexion_réussie
2024-12-09 13:59:23.785 [main] INFO 88666 Connexion_réussie
2024-12-09 16:31:57.715 [main] INFO 79106 Connexion_réussie
2024-12-09 12:27:40.438 [main] INFO 13758 Connexion_réussie
2024-12-09 16:12:46.618 [main] INFO 28844 Connexion_réussie
2024-12-09 13:58:00.558 [main] INFO 39613 Connexion_réussie
2024-12-09 14:21:20.045 [main] INFO 24423 Connexion_réussie
2024-12-09 16:54:26.049 [main] INFO 17222 Connexion_réussie
2024-12-09 10:18:17.304 [main] INFO 63641 Connexion_réussie
2024-12-09 11:25:42.844 [main] INFO 3432 Connexion_réussie
2024-12-09 13:25:21.583 [main] INFO 98150 Connexion_réussie
2024-12-09 11:40:51.475 [main] INFO 78235 Connexion_réussie
2024-12-09 11:33:12.761 [main] INFO 22749 Connexion_réussie
2024-12-09 14:10:43.257 [main] INFO 86940 Connexion_réussie
2024-12-09 10:35:07.316 [main] INFO 76002 Connexion_réussie
2024-12-09 14:23:08.314 [main] INFO 97344 Connexion_réussie
2024-12-09 12:41:01.960 [main] INFO 43816 Connexion_réussie
2024-12-09 22:41:32.677 [main] INFO 51477 Connexion_réussie
2024-12-09 20:53:51.829 [main] INFO 47287 Connexion_réussie
2024-12-09 21:11:29.515 [main] INFO 73107 Connexion_réussie
2024-12-09 22:51:48.947 [main] INFO 74211 Connexion_réussie
2024-12-09 19:06:48.961 [main] INFO 73587 Connexion_réussie
2024-12-09 18:43:53.287 [main] INFO 39806 Connexion_réussie
2024-12-09 18:03:23.363 [main] INFO 49927 Connexion_réussie
2024-12-09 20:04:09.857 [main] INFO 95679 Connexion_réussie
2024-12-09 20:35:48.321 [main] INFO 90306 Connexion_réussie
2024-12-09 23:04:56.967 [main] INFO 96237 Connexion_réussie
2024-12-09 22:30:05.686 [main] INFO 5246 Connexion_réussie
2024-12-09 17:30:41.060 [main] INFO 90312 Connexion_réussie
2024-12-09 16:21:13.633 [main] INFO 70248 Connexion_réussie
2024-12-09 18:36:07.429 [main] INFO 986 Connexion_réussie
2024-12-09 23:06:15.332 [main] INFO 6661 Connexion_réussie
2024-12-09 14:39:51.857 [main] INFO 86525 Connexion_réussie
2024-12-09 13:39:01.318 [main] INFO 7769 Connexion_réussie
2024-12-09 10:18:06.809 [main] INFO 98469 Connexion_réussie
2024-12-09 12:25:38.040 [main] INFO 9325 Connexion_réussie
2024-12-09 15:49:06.669 [main] INFO 57797 Connexion_réussie
2024-12-09 10:20:32.394 [main] INFO 93606 Connexion_réussie
2024-12-09 12:32:16.122 [main] INFO 62291 Connexion_réussie
2024-12-09 16:02:23.180 [main] INFO 98071 Connexion_réussie
2024-12-09 12:45:02.118 [main] INFO 50574 Connexion_réussie
2024-12-09 09:22:35.735 [main] INFO 77137 Connexion_réussie
2024-12-09 12:41:20.404 [main] INFO 35853 Connexion_réussie
2024-12-09 09:22:39.313 [main] INFO 10603 Connexion_réussie
2024-12-09 16:10:45.017 [main] INFO 98229 Connexion_réussie
2024-12-09 12:39:56.597 [main] INFO 51115 Connexion_réussie
2024-12-09 14:47:17.971 [main] INFO 33585 Connexion_réussie
2024-12-09 14:49:47.041 [main] INFO 6246 Connexion_réussie
2024-12-09 14:36:35.566 [main] INFO 53778 Connexion_réussie
2024-12-09 16:59:19.465 [main] INFO 17340 Connexion_réussie
2024-12-09 09:53:04.215 [main] INFO 89403 Connexion_réussie
2024-12-09 12:27:16.597 [main] INFO 7932 Connexion_réussie
2024-12-09 12:15:15.604 [main] INFO 97440 Connexion_réussie
2024-12-09 11:58:41.196 [main] INFO 92617 Connexion_réussie
2024-12-09 12:06:25.728 [main] INFO 41752 Connexion_réussie
2024-12-09 14:42:54.486 [main] INFO 51276 Connexion_réussie
2024-12-09 09:16:45.411 [main] INFO 33096 Connexion_réussie
2024-12-09 13:57:16.487 [main] INFO 11860 Connexion_réussie
2024-12-09 14:23:44.294 [main] INFO 33351 Connexion_réussie
2024-12-09 16:52:57.949 [main] INFO 16811 Connexion_réussie
2024-12-09 10:57:17.507 [main] INFO 63276 Connexion_réussie
2024-12-09 16:50:16.108 [main] INFO 60191 Connexion_réussie
2024-12-09 10:35:25.095 [main] INFO 50961 Connexion_réussie
2024-12-09 14:27:57.497 [main] INFO 52256 Connexion_réussie
2024-12-09 13:53:52.570 [main] INFO 38735 Connexion_réussie
2024-12-09 11:33:41.147 [main] INFO 59340 Connexion_réussie
2024-12-09 12:27:41.730 [main] INFO 4030 Connexion_réussie
2024-12-09 09:11:10.200 [main] INFO 7723 Connexion_réussie
2024-12-09 10:33:05.444 [main] INFO 67106 Connexion_réussie
2024-12-09 12:05:57.928 [main] INFO 92387 Connexion_réussie
2024-12-09 12:46:18.505 [main] INFO 73623 Connexion_réussie
2024-12-09 12:27:09.812 [main] INFO 49794 Connexion_réussie
2024-12-09 15:26:55.651 [main] INFO 60843 Connexion_réussie
2024-12-09 13:36:59.749 [main] INFO 39568 Connexion_réussie
2024-12-09 15:47:07.589 [main] INFO 55355 Connexion_réussie
2024-12-09 14:00:59.043 [main] INFO 62778 Connexion_réussie
2024-12-09 16:44:25.847 [main] INFO 79983 Connexion_réussie
2024-12-09 15:44:57.642 [main] INFO 72584 Connexion_réussie
2024-12-09 09:49:22.946 [main] INFO 95353 Connexion_réussie
2024-12-09 14:12:43.914 [main] INFO 85662 Connexion_réussie
2024-12-09 16:44:38.960 [main] INFO 24287 Connexion_réussie
2024-12-09 13:07:11.053 [main] INFO 49480 Connexion_réussie
2024-12-09 14:32:38.882 [main] INFO 1517 Connexion_réussie
2024-12-09 14:10:47.895 [main] INFO 89471 Connexion_réussie
2024-12-09 12:13:12.295 [main] INFO 20831 Connexion_réussie
2024-12-09 11:41:48.278 [main] INFO 41434 Connexion_réussie
2024-12-09 11:29:05.910 [main] INFO 62711 Connexion_réussie
2024-12-09 13:27:03.906 [main] INFO 85031 Connexion_réussie
2024-12-09 12:54:48.443 [main] INFO 83218 Connexion_réussie
2024-12-09 10:08:57.604 [main] INFO 55093 Connexion_réussie
2024-12-09 14:05:38.471 [main] INFO 79862 Connexion_réussie
2024-12-09 09:56:34.447 [main] INFO 16395 Connexion_réussie
2024-12-09 14:04:33.271 [main] INFO 62498 Connexion_réussie
2024-12-09 16:49:46.150 [main] INFO 67679 Connexion_réussie
2024-12-09 10:28:24.291 [main] INFO 75746 Connexion_réussie
2024-12-09 11:14:59.218 [main] INFO 51708 Connexion_réussie
2024-12-09 10:48:18.410 [main] INFO 24460 Connexion_réussie
2024-12-09 13:11:57.799 [main] INFO 77681 Connexion_réussie
2024-12-09 13:17:48.500 [main] INFO 17383 Connexion_réussie
2024-12-09 16:48:20.407 [main] INFO 13434 Connexion_réussie
2024-12-09 15:23:05.215 [main] INFO 78281 Connexion_réussie
2024-12-09 09:34:40.832 [main] INFO 36151 Connexion_réussie
2024-12-09 16:34:29.443 [main] INFO 78014 Connexion_réussie
2024-12-09 09:16:47.556 [main] INFO 56614 Connexion_réussie
2024-12-09 15:13:46.068 [main] INFO 69143 Connexion_réussie
2024-12-09 16:30:07.763 [main] INFO 7923 Connexion_réussie
2024-12-09 11:49:26.195 [main] INFO 16743 Connexion_réussie
2024-12-09 16:51:09.845 [main] INFO 53011 Connexion_réussie
2024-12-09 16:32:25.303 [main] INFO 17063 Connexion_réussie
2024-12-09 16:17:34.953 [main] INFO 62077 Connexion_réussie
2024-12-09 13:42:08.065 [main] INFO 65985 Connexion_réussie
2024-12-09 12:46:31.316 [main] INFO 92311 Connexion_réussie
2024-12-09 10:42:12.531 [main] INFO 6304 Connexion_réussie
2024-12-09 13:23:36.545 [main] INFO 69896 Connexion_réussie
2024-12-09 10:21:22.152 [main] INFO 40683 Connexion_réussie
2024-12-09 11:26:25.611 [main] INFO 97091 Connexion_réussie
2024-12-09 13:12:45.904 [main] INFO 16530 Connexion_réussie
2024-12-09 16:01:15.781 [main] INFO 3268 Connexion_réussie
2024-12-09 09:00:23.777 [main] INFO 68371 Connexion_réussie
2024-12-09 12:52:22.399 [main] INFO 66541 Connexion_réussie
2024-12-09 15:06:40.193 [main] INFO 62742 Connexion_réussie
2024-12-09 12:34:17.114 [main] INFO 13819 Connexion_réussie
2024-12-09 10:02:48.160 [main] INFO 42012 Connexion_réussie
2024-12-09 12:33:03.378 [main] INFO 21030 Connexion_réussie
2024-12-09 14:40:53.936 [main] INFO 52736 Connexion_réussie
2024-12-09 11:54:13.628 [main] INFO 54778 Connexion_réussie
2024-12-09 16:38:35.210 [main] INFO 96494 Connexion_réussie
2024-12-09 10:02:51.333 [main] INFO 60140 Connexion_réussie
2024-12-09 11:22:25.428 [main] INFO 59271 Connexion_réussie
2024-12-09 09:12:44.204 [main] INFO 16686 Connexion_réussie
2024-12-09 16:54:27.235 [main] INFO 66869 Connexion_réussie
2024-12-09 12:00:48.416 [main] INFO 54814 Connexion_réussie
2024-12-09 12:31:11.452 [main] INFO 54732 Connexion_réussie
2024-12-09 09:51:44.207 [main] INFO 7464 Connexion_réussie
2024-12-09 11:29:32.829 [main] INFO 413 Connexion_réussie
2024-12-09 15:44:48.367 [main] INFO 19655 Connexion_réussie
2024-12-09 11:56:23.340 [main] INFO 66183 Connexion_réussie
2024-12-09 10:29:43.835 [main] INFO 86526 Connexion_réussie
2024-12-09 12:57:15.356 [main] INFO 86980 Connexion_réussie
2024-12-09 11:28:38.371 [main] INFO 97209 Connexion_réussie
2024-12-09 10:56:14.589 [main] INFO 42256 Connexion_réussie
2024-12-09 15:08:09.944 [main] INFO 93615 Connexion_réussie
2024-12-09 11:18:16.229 [main] INFO 90302 Connexion_réussie
2024-12-09 15:45:13.762 [main] INFO 32631 Connexion_réussie
2024-12-09 11:09:21.082 [main] INFO 19978 Connexion_réussie
2024-12-09 12:14:26.824 [main] INFO 93122 Connexion_réussie
2024-12-09 12:24:17.701 [main] INFO 87686 Connexion_réussie
2024-12-09 12:34:11.971 [main] INFO 47406 Connexion_réussie
2024-12-09 13:02:09.797 [main] INFO 7947 Connexion_réussie
2024-12-09 16:52:34.813 [main] INFO 26283 Connexion_réussie
2024-12-09 12:19:01.606 [main] INFO 48193 Connexion_réussie
2024-12-09 11:39:36.250 [main] INFO 99393 Connexion_réussie
2024-12-09 09:09:11.857 [main] INFO 83622 Connexion_réussie
2024-12-09 12:19:02.821 [main] INFO 9676 Connexion_réussie
2024-12-09 12:25:12.181 [main] INFO 14925 Connexion_réussie
2024-12-09 14:00:05.972 [main] INFO 9664 Connexion_réussie
2024-12-09 12:40:29.201 [main] INFO 19610 Connexion_réussie
2024-12-09 15:51:05.420 [main] INFO 58452 Connexion_réussie
2024-12-09 13:58:53.560 [main] INFO 74279 Connexion_réussie
2024-12-09 15:45:23.119 [main] INFO 23732 Connexion_réussie
2024-12-09 13:15:29.454 [main] INFO 48788 Connexion_réussie
2024-12-09 09:53:19.182 [main] INFO 12678 Connexion_réussie
2024-12-09 14:15:26.379 [main] INFO 16988 Connexion_réussie
2024-12-09 13:22:57.345 [main] INFO 94905 Connexion_réussie
2024-12-09 13:33:30.006 [main] INFO 4448 Connexion_réussie
2024-12-09 14:20:18.031 [main] INFO 63896 Connexion_réussie
2024-12-09 15:34:44.627 [main] INFO 49894 Connexion_réussie
2024-12-09 09:10:02.866 [main] INFO 75625 Connexion_réussie
2024-12-09 10:23:50.105 [main] INFO 12814 Connexion_réussie
2024-12-09 15:48:11.330 [main] INFO 1525 Connexion_réussie
2024-12-09 09:49:05.770 [main] INFO 29095 Connexion_réussie
2024-12-09 13:46:13.689 [main] INFO 75632 Connexion_réussie
2024-12-09 16:55:11.950 [main] INFO 73024 Connexion_réussie
2024-12-09 16:32:02.634 [main] INFO 26337 Connexion_réussie
2024-12-09 15:14:22.329 [main] INFO 84962 Connexion_réussie
2024-12-09 15:09:40.832 [main] INFO 96033 Connexion_réussie
2024-12-09 13:14:29.082 [main] INFO 36848 Connexion_réussie
2024-12-09 14:09:21.951 [main] INFO 63257 Connexion_réussie
2024-12-09 15:56:06.053 [main] INFO 50005 Connexion_réussie
2024-12-09 10:47:56.181 [main] INFO 24132 Connexion_réussie
2024-12-09 12:21:40.546 [main] INFO 17311 Connexion_réussie
2024-12-09 15:56:48.656 [main] INFO 49301 Connexion_réussie
2024-12-09 13:23:36.329 [main] INFO 915 Connexion_réussie
2024-12-09 16:55:11.286 [main] INFO 77353 Connexion_réussie
2024-12-09 12:42:34.710 [main] INFO 82169 Connexion_réussie
2024-12-09 10:01:54.545 [main] INFO 32554 Connexion_réussie
2024-12-09 15:23:24.962 [main] INFO 55679 Connexion_réussie
2024-12-09 14:09:11.159 [main] INFO 84509 Connexion_réussie
2024-12-09 16:02:54.022 [main] INFO 88804 Connexion_réussie
2024-12-09 12:18:06.369 [main] INFO 47152 Connexion_réussie
2024-12-09 13:46:59.472 [main] INFO 17763 Connexion_réussie
2024-12-09 14:54:54.882 [main] INFO 58169 Connexion_réussie
2024-12-09 14:44:14.290 [main] INFO 85608 Connexion_réussie
2024-12-09 10:01:08.411 [main] INFO 79037 Connexion_réussie
2024-12-09 09:08:13.600 [main] INFO 16911 Connexion_réussie
2024-12-09 10:51:15.540 [main] INFO 50001 Connexion_réussie
2024-12-09 15:37:59.714 [main] INFO 17497 Connexion_réussie
2024-12-09 09:13:26.750 [main] INFO 66955 Connexion_réussie
2024-12-09 12:25:25.463 [main] INFO 38670 Connexion_réussie
2024-12-09 10:52:36.424 [main] INFO 74223 Connexion_réussie
2024-12-09 14:55:18.773 [main] INFO 57888 Connexion_réussie
2024-12-09 15:55:19.659 [main] INFO 23100 Connexion_réussie
2024-12-09 12:02:56.099 [main] INFO 54691 Connexion_réussie
2024-12-09 13:11:39.506 [main] INFO 35165 Connexion_réussie
2024-12-09 14:09:33.197 [main] INFO 33993 Connexion_réussie
2024-12-09 15:00:31.987 [main] INFO 10968 Connexion_réussie
2024-12-09 16:21:29.354 [main] INFO 37410 Connexion_réussie
2024-12-09 10:44:12.283 [main] INFO 32248 Connexion_réussie
2024-12-09 15:24:20.352 [main] INFO 79302 Connexion_réussie
2024-12-09 09:59:06.066 [main] INFO 52561 Connexion_réussie
2024-12-09 13:38:37.708 [main] INFO 53674 Connexion_réussie
2024-12-09 15:37:48.363 [main] INFO 65543 Connexion_réussie
2024-12-09 11:07:11.185 [main] INFO 86337 Connexion_réussie
2024-12-09 15:22:43.827 [main] INFO 58180 Connexion_réussie
2024-12-09 11:43:47.677 [main] INFO 52254 Connexion_réussie
2024-12-09 15:48:04.247 [main] INFO 25064 Connexion_réussie
2024-12-09 10:50:06.054 [main] INFO 95360 Connexion_réussie
2024-12-09 11:50:41.177 [main] INFO 4635 Connexion_réussie
2024-12-09 14:28:07.851 [main] INFO 58691 Connexion_réussie
2024-12-09 10:08:29.776 [main] INFO 83522 Connexion_réussie
2024-12-09 12:33:59.268 [main] INFO 73201 Connexion_réussie
2024-12-09 15:09:35.639 [main] INFO 3283 Connexion_réussie
2024-12-09 14:32:37.495 [main] INFO 72917 Connexion_réussie
2024-12-09 10:41:48.853 [main] INFO 45053 Connexion_réussie
2024-12-09 15:33:52.285 [main] INFO 63158 Connexion_réussie
2024-12-09 11:52:05.845 [main] INFO 31639 Connexion_réussie
2024-12-09 12:17:09.599 [main] INFO 9219 Connexion_réussie
2024-12-09 09:10:27.350 [main] INFO 99690 Connexion_réussie
2024-12-09 13:07:45.938 [main] INFO 52810 Connexion_réussie
2024-12-09 11:54:04.495 [main] INFO 15846 Connexion_réussie
2024-12-09 15:51:34.016 [main] INFO 39274 Connexion_réussie
2024-12-09 11:42:30.638 [main] INFO 15711 Connexion_réussie
2024-12-09 15:12:17.165 [main] INFO 68562 Connexion_réussie
2024-12-09 14:43:56.107 [main] INFO 3000 Connexion_réussie
2024-12-09 13:47:48.193 [main] INFO 68685 Connexion_réussie
2024-12-09 11:44:16.988 [main] INFO 31107 Connexion_réussie
2024-12-09 11:13:46.534 [main] INFO 85888 Connexion_réussie
2024-12-09 15:05:14.103 [main] INFO 16440 Connexion_réussie
2024-12-09 10:03:46.380 [main] INFO 83794 Connexion_réussie
2024-12-09 11:12:01.278 [main] INFO 6050 Connexion_réussie
2024-12-09 12:48:26.141 [main] INFO 60705 Connexion_réussie
2024-12-09 12:05:12.660 [main] INFO 81902 Connexion_réussie
2024-12-09 09:46:34.614 [main] INFO 84537 Connexion_réussie
2024-12-09 11:27:53.482 [main] INFO 79741 Connexion_réussie
2024-12-09 14:38:09.104 [main] INFO 71815 Connexion_réussie
2024-12-09 16:19:45.051 [main] INFO 50652 Connexion_réussie
2024-12-09 11:59:08.959 [main] INFO 77911 Connexion_réussie
2024-12-09 12:02:59.042 [main] INFO 66049 Connexion_réussie
2024-12-09 10:08:37.883 [main] INFO 22417 Connexion_réussie
2024-12-09 13:06:01.378 [main] INFO 10530 Connexion_réussie
2024-12-09 14:07:05.252 [main] INFO 47087 Connexion_réussie
2024-12-09 16:44:25.491 [main] INFO 72499 Connexion_réussie
2024-12-09 16:25:41.806 [main] INFO 81015 Connexion_réussie
2024-12-09 12:18:46.274 [main] INFO 84161 Connexion_réussie
2024-12-09 16:20:02.808 [main] INFO 68305 Connexion_réussie
2024-12-09 12:38:49.930 [main] INFO 64036 Connexion_réussie
2024-12-09 10:25:46.387 [main] INFO 17490 Connexion_réussie
2024-12-09 15:07:29.000 [main] INFO 85048 Connexion_réussie
2024-12-09 12:53:16.058 [main] INFO 50123 Connexion_réussie
2024-12-09 15:04:04.947 [main] INFO 42791 Connexion_réussie
2024-12-09 11:07:00.549 [main] INFO 48777 Connexion_réussie
2024-12-09 13:18:28.030 [main] INFO 62477 Connexion_réussie
2024-12-09 12:18:24.288 [main] INFO 52556 Connexion_réussie
2024-12-09 11:38:00.879 [main] INFO 21275 Connexion_réussie
2024-12-09 12:09:29.092 [main] INFO 14871 Connexion_réussie
2024-12-09 14:51:09.390 [main] INFO 52876 Connexion_réussie
2024-12-09 15:30:05.754 [main] INFO 15384 Connexion_réussie
2024-12-09 12:20:43.897 [main] INFO 21383 Connexion_réussie
2024-12-09 11:01:41.133 [main] INFO 8376 Connexion_réussie
2024-12-09 14:36:40.642 [main] INFO 9701 Connexion_réussie
2024-12-09 15:49:57.514 [main] INFO 9574 Connexion_réussie
2024-12-09 14:35:11.413 [main] INFO 3873 Connexion_réussie
2024-12-09 09:29:54.856 [main] INFO 24372 Connexion_réussie
2024-12-09 14:45:03.450 [main] INFO 28148 Connexion_réussie
2024-12-09 14:56:17.231 [main] INFO 28247 Connexion_réussie
2024-12-09 10:06:28.302 [main] INFO 13194 Connexion_réussie
2024-12-09 14:25:06.722 [main] INFO 50371 Connexion_réussie
2024-12-09 13:33:19.146 [main] INFO 69666 Connexion_réussie
2024-12-09 13:27:12.714 [main] INFO 79376 Connexion_réussie
2024-12-09 16:01:29.122 [main] INFO 98202 Connexion_réussie
2024-12-09 14:09:00.890 [main] INFO 93311 Connexion_réussie
2024-12-09 09:00:00.215 [main] INFO 57380 Connexion_réussie
2024-12-09 15:22:23.785 [main] INFO 50775 Connexion_réussie
2024-12-09 10:02:24.524 [main] INFO 93203 Connexion_réussie
2024-12-09 09:21:47.088 [main] INFO 48744 Connexion_réussie
2024-12-09 09:42:29.351 [main] INFO 52349 Connexion_réussie
2024-12-09 10:52:19.696 [main] INFO 50186 Connexion_réussie
2024-12-09 11:17:45.069 [main] INFO 60340 Connexion_réussie
2024-12-09 09:12:46.215 [main] INFO 73424 Connexion_réussie
2024-12-09 15:45:57.930 [main] INFO 93988 Connexion_réussie
2024-12-09 16:38:32.918 [main] INFO 60988 Connexion_réussie
2024-12-09 13:29:59.991 [main] INFO 46668 Connexion_réussie
2024-12-09 16:53:41.708 [main] INFO 1352 Connexion_réussie
2024-12-09 11:55:41.744 [main] INFO 49540 Connexion_réussie
2024-12-09 15:28:23.499 [main] INFO 64809 Connexion_réussie
2024-12-09 16:41:06.823 [main] INFO 78025 Connexion_réussie
2024-12-09 09:38:08.055 [main] INFO 68643 Connexion_réussie
2024-12-09 12:44:27.943 [main] INFO 19707 Connexion_réussie
2024-12-09 15:49:19.232 [main] INFO 33145 Connexion_réussie
2024-12-09 09:16:20.279 [main] INFO 4044 Connexion_réussie
2024-12-09 10:00:11.007 [main] INFO 93127 Connexion_réussie
2024-12-09 11:59:17.473 [main] INFO 90274 Connexion_réussie
2024-12-09 15:02:02.304 [main] INFO 18419 Connexion_réussie
2024-12-09 11:19:54.861 [main] INFO 52410 Connexion_réussie
2024-12-09 14:48:54.995 [main] INFO 37683 Connexion_réussie
2024-12-09 09:42:56.728 [main] INFO 2472 Connexion_réussie
2024-12-09 12:24:06.940 [main] INFO 26935 Connexion_réussie
2024-12-09 09:26:44.619 [main] INFO 98033 Connexion_réussie
2024-12-09 13:47:27.988 [main] INFO 12618 Connexion_réussie
2024-12-09 15:09:48.654 [main] INFO 96122 Connexion_réussie
2024-12-09 13:52:22.059 [main] INFO 97758 Connexion_réussie
2024-12-09 09:50:44.435 [main] INFO 92789 Connexion_réussie
2024-12-09 11:36:15.375 [main] INFO 73470 Connexion_réussie
2024-12-09 09:00:33.798 [main] INFO 19299 Connexion_réussie
2024-12-09 15:23:23.270 [main] INFO 14958 Connexion_réussie
2024-12-09 10:53:41.318 [main] INFO 7462 Connexion_réussie
2024-12-09 13:51:53.702 [main] INFO 20664 Connexion_réussie
2024-12-09 10:29:36.632 [main] INFO 844 Connexion_réussie
2024-12-09 10:46:56.594 [main] INFO 56822 Connexion_réussie
2024-12-09 09:46:48.714 [main] INFO 46096 Connexion_réussie
2024-12-09 12:27:43.975 [main] INFO 84037 Connexion_réussie
2024-12-09 10:02:56.349 [main] INFO 51104 Connexion_réussie
2024-12-09 16:46:00.679 [main] INFO 2025 Connexion_réussie
2024-12-09 10:09:04.534 [main] INFO 9726 Connexion_réussie
2024-12-09 11:09:19.932 [main] INFO 16924 Connexion_réussie
2024-12-09 12:43:52.247 [main] INFO 77006 Connexion_réussie
2024-12-09 16:33:38.942 [main] INFO 50294 Connexion_réussie
2024-12-09 15:04:27.595 [main] INFO 33131 Connexion_réussie
2024-12-09 09:53:28.651 [main] INFO 5738 Connexion_réussie
2024-12-09 11:01:45.355 [main] INFO 18379 Connexion_réussie
2024-12-09 14:49:15.569 [main] INFO 79556 Connexion_réussie
2024-12-09 11:04:28.888 [main] INFO 87062 Connexion_réussie
2024-12-09 11:34:39.335 [main] INFO 3359 Connexion_réussie
2024-12-09 14:43:45.422 [main] INFO 76116 Connexion_réussie
2024-12-09 11:34:04.283 [main] INFO 1771 Connexion_réussie
2024-12-09 16:23:30.009 [main] INFO 18033 Connexion_réussie
2024-12-09 11:44:00.076 [main] INFO 37874 Connexion_réussie
2024-12-09 14:17:38.665 [main] INFO 84781 Connexion_réussie
2024-12-09 09:13:18.687 [main] INFO 16398 Connexion_réussie
2024-12-09 15:10:51.757 [main] INFO 99798 Connexion_réussie
2024-12-09 10:02:16.368 [main] INFO 50128 Connexion_réussie
2024-12-09 15:11:46.554 [main] INFO 61064 Connexion_réussie
2024-12-09 13:45:51.205 [main] INFO 14998 Connexion_réussie
2024-12-09 09:28:02.866 [main] INFO 53783 Connexion_réussie
2024-12-09 15:42:53.781 [main] INFO 91779 Connexion_réussie
2024-12-09 14:35:52.016 [main] INFO 42597 Connexion_réussie
2024-12-09 13:59:15.327 [main] INFO 99145 Connexion_réussie
2024-12-09 12:50:50.839 [main] INFO 97297 Connexion_réussie
2024-12-09 13:54:52.589 [main] INFO 33021 Connexion_réussie
2024-12-09 14:35:45.171 [main] INFO 84113 Connexion_réussie
2024-12-09 09:14:05.283 [main] INFO 33544 Connexion_réussie
2024-12-09 10:22:30.030 [main] INFO 38971 Connexion_réussie
2024-12-09 15:58:20.733 [main] INFO 38020 Connexion_réussie
2024-12-09 14:31:30.629 [main] INFO 95407 Connexion_réussie
2024-12-09 15:45:04.545 [main] INFO 32006 Connexion_réussie
2024-12-09 13:43:42.748 [main] INFO 17280 Connexion_réussie
2024-12-09 14:52:58.018 [main] INFO 77976 Connexion_réussie
2024-12-09 10:24:49.025 [main] INFO 58992 Connexion_réussie
2024-12-09 10:19:10.317 [main] INFO 28293 Connexion_réussie
2024-12-09 12:02:41.998 [main] INFO 13542 Connexion_réussie
2024-12-09 11:51:07.978 [main] INFO 55329 Connexion_réussie
2024-12-09 12:54:18.878 [main] INFO 95936 Connexion_réussie
2024-12-09 16:58:56.415 [main] INFO 10476 Connexion_réussie
2024-12-09 14:28:47.201 [main] INFO 36010 Connexion_réussie
2024-12-09 13:47:18.033 [main] INFO 78197 Connexion_réussie
2024-12-09 15:20:15.959 [main] INFO 11518 Connexion_réussie
2024-12-09 16:57:55.863 [main] INFO 11299 Connexion_réussie
2024-12-09 14:15:35.222 [main] INFO 21962 Connexion_réussie
2024-12-09 16:34:18.901 [main] INFO 98374 Connexion_réussie
2024-12-09 11:25:09.450 [main] INFO 43526 Connexion_réussie
2024-12-09 11:32:23.277 [main] INFO 98192 Connexion_réussie
2024-12-09 11:47:05.815 [main] INFO 13118 Connexion_réussie
2024-12-09 16:01:59.660 [main] INFO 64488 Connexion_réussie
2024-12-09 12:47:47.315 [main] INFO 15375 Connexion_réussie
2024-12-09 16:18:11.965 [main] INFO 94986 Connexion_réussie
2024-12-09 14:22:05.363 [main] INFO 49764 Connexion_réussie
2024-12-09 16:46:20.962 [main] INFO 72064 Connexion_réussie
2024-12-09 15:28:34.876 [main] INFO 88172 Connexion_réussie
2024-12-09 12:49:10.376 [main] INFO 4699 Connexion_réussie
2024-12-09 10:37:07.634 [main] INFO 26423 Connexion_réussie
2024-12-09 16:54:16.576 [main] INFO 32169 Connexion_réussie
2024-12-09 15:24:26.875 [main] INFO 74802 Connexion_réussie
2024-12-09 14:34:33.470 [main] INFO 17844 Connexion_réussie
2024-12-09 11:24:35.069 [main] INFO 83675 Connexion_réussie
2024-12-09 16:52:22.542 [main] INFO 31457 Connexion_réussie
2024-12-09 14:19:19.128 [main] INFO 44308 Connexion_réussie
2024-12-09 13:53:04.785 [main] INFO 20969 Connexion_réussie
2024-12-09 15:43:38.372 [main] INFO 92374 Connexion_réussie
2024-12-09 16:12:39.401 [main] INFO 89170 Connexion_réussie
2024-12-09 09:08:39.857 [main] INFO 10926 Connexion_réussie
2024-12-09 10:52:42.331 [main] INFO 14636 Connexion_réussie
2024-12-09 10:14:35.717 [main] INFO 29438 Connexion_réussie
2024-12-09 12:18:51.872 [main] INFO 70747 Connexion_réussie
2024-12-09 09:32:01.563 [main] INFO 18396 Connexion_réussie
2024-12-09 16:16:02.784 [main] INFO 67973 Connexion_réussie
2024-12-09 14:51:08.542 [main] INFO 86731 Connexion_réussie
2024-12-09 09:14:39.890 [main] INFO 87165 Connexion_réussie
2024-12-09 14:30:04.215 [main] INFO 77253 Connexion_réussie
2024-12-09 10:36:13.407 [main] INFO 68496 Connexion_réussie
2024-12-09 09:24:41.095 [main] INFO 52617 Connexion_réussie
2024-12-09 16:18:02.402 [main] INFO 10338 Connexion_réussie
2024-12-09 15:11:50.967 [main] INFO 97177 Connexion_réussie
2024-12-09 16:41:31.362 [main] INFO 74000 Connexion_réussie
2024-12-09 15:17:59.831 [main] INFO 57837 Connexion_réussie
2024-12-09 12:11:39.940 [main] INFO 22024 Connexion_réussie
2024-12-09 13:36:52.667 [main] INFO 51636 Connexion_réussie
2024-12-09 16:08:25.654 [main] INFO 6416 Connexion_réussie
2024-12-09 15:10:35.017 [main] INFO 22497 Connexion_réussie
2024-12-09 13:41:27.008 [main] INFO 69643 Connexion_réussie
2024-12-09 14:07:58.412 [main] INFO 65502 Connexion_réussie
2024-12-09 13:27:36.565 [main] INFO 23705 Connexion_réussie
2024-12-09 10:49:01.706 [main] INFO 41436 Connexion_réussie
2024-12-09 10:15:47.003 [main] INFO 28242 Connexion_réussie
2024-12-09 13:16:16.388 [main] INFO 91697 Connexion_réussie
2024-12-09 10:40:00.464 [main] INFO 19950 Connexion_réussie
2024-12-09 15:04:15.385 [main] INFO 28978 Connexion_réussie
2024-12-09 16:58:53.573 [main] INFO 21937 Connexion_réussie
2024-12-09 12:59:08.784 [main] INFO 85398 Connexion_réussie
2024-12-09 12:28:45.817 [main] INFO 32580 Connexion_réussie
2024-12-09 15:19:51.524 [main] INFO 56325 Connexion_réussie
2024-12-09 14:26:06.350 [main] INFO 50684 Connexion_réussie
2024-12-09 12:56:44.066 [main] INFO 92491 Connexion_réussie
2024-12-09 15:28:56.373 [main] INFO 13277 Connexion_réussie
2024-12-09 09:15:41.603 [main] INFO 83127 Connexion_réussie
2024-12-09 11:26:13.139 [main] INFO 63724 Connexion_réussie
2024-12-09 09:58:15.999 [main] INFO 56548 Connexion_réussie
2024-12-09 16:54:21.407 [main] INFO 36580 Connexion_réussie
2024-12-09 10:33:48.603 [main] INFO 37790 Connexion_réussie
2024-12-09 09:13:06.829 [main] INFO 64074 Connexion_réussie
2024-12-09 14:40:20.882 [main] INFO 88173 Connexion_réussie
2024-12-09 13:09:44.023 [main] INFO 73380 Connexion_réussie
2024-12-09 11:44:44.424 [main] INFO 91826 Connexion_réussie
2024-12-09 15:11:17.113 [main] INFO 74042 Connexion_réussie
2024-12-09 09:01:39.363 [main] INFO 73641 Connexion_réussie
2024-12-09 14:28:09.907 [main] INFO 33154 Connexion_réussie
2024-12-09 13:19:56.448 [main] INFO 21189 Connexion_réussie
2024-12-09 11:58:13.146 [main] INFO 77762 Connexion_réussie
2024-12-09 11:40:17.431 [main] INFO 87259 Connexion_réussie
2024-12-09 14:10:22.645 [main] INFO 7546 Connexion_réussie
2024-12-09 09:36:50.960 [main] INFO 19023 Connexion_réussie
2024-12-09 16:07:29.108 [main] INFO 29592 Connexion_réussie
2024-12-09 14:09:48.421 [main] INFO 54750 Connexion_réussie
2024-12-09 15:55:41.971 [main] INFO 3798 Connexion_réussie
2024-12-09 09:43:27.861 [main] INFO 54501 Connexion_réussie
2024-12-09 14:45:47.946 [main] INFO 64522 Connexion_réussie
2024-12-09 09:15:51.866 [main] INFO 73490 Connexion_réussie
2024-12-09 15:59:40.828 [main] INFO 18698 Connexion_réussie
2024-12-09 14:30:14.409 [main] INFO 83846 Connexion_réussie
2024-12-09 09:51:10.040 [main] INFO 96135 Connexion_réussie
2024-12-09 14:30:35.297 [main] INFO 26390 Connexion_réussie
2024-12-09 14:31:09.558 [main] INFO 61387 Connexion_réussie
2024-12-09 14:17:06.503 [main] INFO 87985 Connexion_réussie
2024-12-09 09:58:26.332 [main] INFO 42795 Connexion_réussie
2024-12-09 13:00:22.419 [main] INFO 97228 Connexion_réussie
2024-12-09 11:41:10.150 [main] INFO 35054 Connexion_réussie
2024-12-09 11:42:43.764 [main] INFO 81813 Connexion_réussie
2024-12-09 15:06:25.789 [main] INFO 74665 Connexion_réussie
2024-12-09 15:05:50.318 [main] INFO 28893 Connexion_réussie
2024-12-09 09:13:37.352 [main] INFO 22909 Connexion_réussie
2024-12-09 11:36:18.436 [main] INFO 71430 Connexion_réussie
2024-12-09 12:23:28.390 [main] INFO 72818 Connexion_réussie
2024-12-09 13:00:27.916 [main] INFO 43993 Connexion_réussie
2024-12-09 13:51:20.125 [main] INFO 1301 Connexion_réussie
2024-12-09 13:25:36.134 [main] INFO 56457 Connexion_réussie
2024-12-09 16:33:11.868 [main] INFO 52642 Connexion_réussie
2024-12-09 14:42:58.755 [main] INFO 49723 Connexion_réussie
2024-12-09 16:29:29.170 [main] INFO 51484 Connexion_réussie
2024-12-09 14:14:45.853 [main] INFO 428 Connexion_réussie
2024-12-09 11:57:15.884 [main] INFO 77771 Connexion_réussie
2024-12-09 09:53:54.476 [main] INFO 79655 Connexion_réussie
2024-12-09 11:12:38.541 [main] INFO 45406 Connexion_réussie
2024-12-09 11:34:04.268 [main] INFO 65845 Connexion_réussie
2024-12-09 10:27:12.617 [main] INFO 99130 Connexion_réussie
2024-12-09 12:01:04.130 [main] INFO 22352 Connexion_réussie
2024-12-09 10:42:09.484 [main] INFO 32423 Connexion_réussie
2024-12-09 16:55:34.373 [main] INFO 43701 Connexion_réussie
2024-12-09 13:16:32.066 [main] INFO 77061 Connexion_réussie
2024-12-09 09:25:31.657 [main] INFO 70970 Connexion_réussie
2024-12-09 11:19:47.831 [main] INFO 87484 Connexion_réussie
2024-12-09 11:10:29.790 [main] INFO 153 Connexion_réussie
2024-12-09 13:08:15.001 [main] INFO 88919 Connexion_réussie
2024-12-09 13:01:51.040 [main] INFO 21177 Connexion_réussie
2024-12-09 12:42:22.805 [main] INFO 3251 Connexion_réussie
2024-12-09 12:06:30.848 [main] INFO 38012 Connexion_réussie
2024-12-09 16:17:59.287 [main] INFO 8787 Connexion_réussie
2024-12-09 16:12:06.613 [main] INFO 46964 Connexion_réussie
2024-12-09 12:25:28.458 [main] INFO 54609 Connexion_réussie
2024-12-09 16:56:13.965 [main] INFO 72156 Connexion_réussie
2024-12-09 13:15:11.099 [main] INFO 10085 Connexion_réussie
2024-12-09 09:40:01.043 [main] INFO 90730 Connexion_réussie
2024-12-09 16:01:54.350 [main] INFO 58307 Connexion_réussie
2024-12-09 16:38:11.021 [main] INFO 23495 Connexion_réussie
2024-12-09 12:28:28.561 [main] INFO 34311 Connexion_réussie
2024-12-09 12:17:37.354 [main] INFO 238 Connexion_réussie
2024-12-09 16:39:35.690 [main] INFO 49781 Connexion_réussie
2024-12-09 11:26:22.453 [main] INFO 19314 Connexion_réussie
2024-12-09 14:13:12.425 [main] INFO 82959 Connexion_réussie
2024-12-09 10:48:07.282 [main] INFO 35697 Connexion_réussie
2024-12-09 16:07:20.997 [main] INFO 10607 Connexion_réussie
2024-12-09 10:25:46.116 [main] INFO 60678 Connexion_réussie
2024-12-09 16:44:37.077 [main] INFO 18166 Connexion_réussie
2024-12-09 11:25:22.133 [main] INFO 53629 Connexion_réussie
2024-12-09 10:42:08.355 [main] INFO 13135 Connexion_réussie
2024-12-09 11:21:03.386 [main] INFO 84854 Connexion_réussie
2024-12-09 11:21:18.509 [main] INFO 12676 Connexion_réussie
2024-12-09 14:12:15.160 [main] INFO 86361 Connexion_réussie
2024-12-09 15:40:45.397 [main] INFO 37056 Connexion_réussie
2024-12-09 13:49:06.447 [main] INFO 4081 Connexion_réussie
2024-12-09 13:00:29.998 [main] INFO 49881 Connexion_réussie
2024-12-09 14:13:31.174 [main] INFO 19597 Connexion_réussie
2024-12-09 14:33:09.692 [main] INFO 88344 Connexion_réussie
2024-12-09 11:32:54.158 [main] INFO 65328 Connexion_réussie
2024-12-09 12:56:05.029 [main] INFO 97685 Connexion_réussie
2024-12-09 14:03:09.489 [main] INFO 19460 Connexion_réussie
2024-12-09 09:05:07.984 [main] INFO 66191 Connexion_réussie
2024-12-09 15:21:20.932 [main] INFO 78348 Connexion_réussie
2024-12-09 10:41:01.427 [main] INFO 12616 Connexion_réussie
2024-12-09 13:32:20.653 [main] INFO 85736 Connexion_réussie
2024-12-09 09:19:59.511 [main] INFO 63676 Connexion_réussie
2024-12-09 12:26:08.769 [main] INFO 91280 Connexion_réussie
2024-12-09 11:00:26.025 [main] INFO 63252 Connexion_réussie
2024-12-09 12:23:53.267 [main] INFO 47695 Connexion_réussie
2024-12-09 11:30:01.143 [main] INFO 88395 Connexion_réussie
2024-12-09 10:16:10.121 [main] INFO 98214 Connexion_réussie
2024-12-09 14:12:18.195 [main] INFO 89118 Connexion_réussie
2024-12-09 16:26:29.694 [main] INFO 8720 Connexion_réussie
2024-12-09 14:55:55.724 [main] INFO 89818 Connexion_réussie
2024-12-09 13:19:24.455 [main] INFO 63696 Connexion_réussie
2024-12-09 10:31:16.841 [main] INFO 52404 Connexion_réussie
2024-12-09 12:31:04.246 [main] INFO 72625 Connexion_réussie
2024-12-09 15:27:52.846 [main] INFO 10321 Connexion_réussie
2024-12-09 11:58:46.895 [main] INFO 93237 Connexion_réussie
2024-12-09 17:59:01.026 [main] INFO 11417 Connexion_réussie
2024-12-09 19:30:26.990 [main] INFO 28096 Connexion_réussie
2024-12-09 19:05:05.083 [main] INFO 25536 Connexion_réussie
2024-12-09 21:46:33.670 [main] INFO 65814 Connexion_réussie
2024-12-09 20:02:40.202 [main] INFO 12781 Connexion_réussie
2024-12-09 19:01:20.539 [main] INFO 64571 Connexion_réussie
2024-12-09 20:45:43.843 [main] INFO 4851 Connexion_réussie
2024-12-09 20:32:06.927 [main] INFO 18236 Connexion_réussie
2024-12-09 19:37:18.539 [main] INFO 93112 Connexion_réussie
2024-12-09 20:45:48.075 [main] INFO 30511 Connexion_réussie
2024-12-09 22:04:27.752 [main] INFO 8690 Connexion_réussie
2024-12-09 16:25:38.613 [main] INFO 5231 Connexion_réussie
2024-12-09 21:44:43.168 [main] INFO 80918 Connexion_réussie
2024-12-09 19:00:27.280 [main] INFO 94361 Connexion_réussie
2024-12-09 20:55:36.413 [main] INFO 47124 Connexion_réussie
2024-12-09 14:21:38.019 [main] INFO 18410 Connexion_réussie
2024-12-09 12:48:22.251 [main] INFO 75689 Connexion_réussie
2024-12-09 13:23:36.882 [main] INFO 4985 Connexion_réussie
2024-12-09 13:47:49.257 [main] INFO 77058 Connexion_réussie
2024-12-09 11:29:56.446 [main] INFO 96251 Connexion_réussie
2024-12-09 15:38:50.156 [main] INFO 55389 Connexion_réussie
2024-12-09 11:32:19.242 [main] INFO 75689 Connexion_réussie
2024-12-09 16:17:15.615 [main] INFO 3643 Connexion_réussie
2024-12-09 15:00:17.637 [main] INFO 6054 Connexion_réussie
2024-12-09 16:30:12.713 [main] INFO 3643 Connexion_réussie
2024-12-09 13:07:36.456 [main] INFO 46202 Connexion_réussie
2024-12-09 14:16:17.046 [main] INFO 91473 Connexion_réussie
2024-12-09 11:44:08.715 [main] INFO 46202 Connexion_réussie
2024-12-09 12:39:40.566 [main] INFO 75689 Connexion_réussie
2024-12-09 13:54:34.707 [main] INFO 46202 Connexion_réussie
2024-12-09 15:03:36.889 [main] INFO 4985 Connexion_réussie
2024-12-09 15:05:38.194 [main] INFO 46202 Connexion_réussie
2024-12-09 15:33:55.204 [main] INFO 77016 Connexion_réussie
2024-12-09 10:51:04.194 [main] INFO 55844 Connexion_réussie
2024-12-09 12:18:23.340 [main] INFO 46202 Connexion_réussie
2024-12-09 14:15:51.240 [main] INFO 42966 Connexion_réussie
2024-12-09 12:31:11.070 [main] INFO 48445 Connexion_réussie
2024-12-09 09:35:29.818 [main] INFO 18410 Connexion_réussie
2024-12-09 10:05:26.367 [main] INFO 76764 Connexion_réussie
2024-12-09 10:41:19.420 [main] INFO 3643 Connexion_réussie
2024-12-09 15:21:00.582 [main] INFO 3643 Connexion_réussie
2024-12-09 13:46:02.533 [main] INFO 18410 Connexion_réussie
2024-12-09 09:48:04.107 [main] INFO 3288 Connexion_réussie
2024-12-09 12:19:55.793 [main] INFO 46202 Connexion_réussie
2024-12-09 13:26:14.667 [main] INFO 18977 Connexion_réussie
2024-12-09 15:56:27.410 [main] INFO 75689 Connexion_réussie
2024-12-09 16:16:05.274 [main] INFO 75689 Connexion_réussie
2024-12-09 12:50:30.064 [main] INFO 98489 Connexion_réussie
2024-12-09 11:29:46.693 [main] INFO 75689 Connexion_réussie
2024-12-09 15:56:54.610 [main] INFO 18410 Connexion_réussie
2024-12-09 10:58:48.154 [main] INFO 52448 Connexion_réussie
2024-12-09 16:14:09.001 [main] INFO 18410 Connexion_réussie
2024-12-09 11:27:53.885 [main] INFO 9989 Connexion_réussie
2024-12-09 13:51:20.264 [main] INFO 75689 Connexion_réussie
2024-12-09 14:18:31.849 [main] INFO 4985 Connexion_réussie
2024-12-09 14:46:56.281 [main] INFO 72764 Connexion_réussie
2024-12-09 15:21:44.552 [main] INFO 12770 Connexion_réussie
2024-12-09 11:29:54.671 [main] INFO 65034 Connexion_réussie
2024-12-09 13:52:35.920 [main] INFO 88970 Connexion_réussie
2024-12-09 11:53:31.771 [main] INFO 77255 Connexion_réussie
2024-12-09 14:24:38.340 [main] INFO 83051 Connexion_réussie
2024-12-09 16:17:02.150 [main] INFO 3643 Connexion_réussie
2024-12-09 11:09:53.659 [main] INFO 6582 Connexion_réussie
2024-12-09 13:41:38.083 [main] INFO 3643 Connexion_réussie
2024-12-09 15:04:42.392 [main] INFO 3643 Connexion_réussie
2024-12-09 09:35:32.182 [main] INFO 3643 Connexion_réussie
2024-12-09 16:04:49.470 [main] INFO 58509 Connexion_réussie
2024-12-09 13:14:42.501 [main] INFO 75310 Connexion_réussie
2024-12-09 09:27:03.166 [main] INFO 77073 Connexion_réussie
2024-12-09 12:28:43.865 [main] INFO 4985 Connexion_réussie
2024-12-09 09:24:54.624 [main] INFO 75689 Connexion_réussie
2024-12-09 12:03:02.816 [main] INFO 46202 Connexion_réussie
2024-12-09 12:09:11.571 [main] INFO 75689 Connexion_réussie
2024-12-09 12:39:22.755 [main] INFO 91177 Connexion_réussie
2024-12-09 09:24:55.178 [main] INFO 4985 Connexion_réussie
2024-12-09 13:38:32.392 [main] INFO 46202 Connexion_réussie
2024-12-09 13:58:53.948 [main] INFO 18410 Connexion_réussie
2024-12-09 09:28:20.875 [main] INFO 46202 Connexion_réussie
2024-12-09 11:08:26.320 [main] INFO 3643 Connexion_réussie
2024-12-09 13:54:14.046 [main] INFO 87546 Connexion_réussie
2024-12-09 14:25:52.146 [main] INFO 77805 Connexion_réussie
2024-12-09 09:51:13.465 [main] INFO 28694 Connexion_réussie
2024-12-09 13:33:52.205 [main] INFO 75689 Connexion_réussie
2024-12-09 15:59:18.744 [main] INFO 8963 Connexion_réussie
2024-12-09 12:18:10.045 [main] INFO 46202 Connexion_réussie
2024-12-09 16:13:30.616 [main] INFO 18410 Connexion_réussie
2024-12-09 15:52:51.673 [main] INFO 89900 Connexion_réussie
2024-12-09 10:39:22.166 [main] INFO 18410 Connexion_réussie
2024-12-09 12:11:46.091 [main] INFO 46202 Connexion_réussie
2024-12-09 13:08:49.605 [main] INFO 3643 Connexion_réussie
2024-12-09 12:36:57.677 [main] INFO 75689 Connexion_réussie
2024-12-09 09:14:29.505 [main] INFO 90728 Connexion_réussie
2024-12-09 09:16:23.401 [main] INFO 18410 Connexion_réussie
2024-12-09 14:14:32.412 [main] INFO 4985 Connexion_réussie
2024-12-09 12:51:15.979 [main] INFO 99011 Connexion_réussie
2024-12-09 09:33:01.189 [main] INFO 4985 Connexion_réussie
2024-12-09 14:17:27.191 [main] INFO 18410 Connexion_réussie
2024-12-09 11:01:38.584 [main] INFO 16521 Connexion_réussie
2024-12-09 14:36:39.426 [main] INFO 18410 Connexion_réussie
2024-12-09 16:21:16.934 [main] INFO 75689 Connexion_réussie
2024-12-09 11:34:42.150 [main] INFO 16578 Connexion_réussie
2024-12-09 13:14:02.523 [main] INFO 95287 Connexion_réussie
2024-12-09 15:29:42.807 [main] INFO 75689 Connexion_réussie
2024-12-09 16:40:40.893 [main] INFO 3643 Connexion_réussie
2024-12-09 15:20:20.836 [main] INFO 81980 Connexion_réussie
2024-12-09 15:57:24.016 [main] INFO 46202 Connexion_réussie
2024-12-09 11:40:43.787 [main] INFO 4985 Connexion_réussie
2024-12-09 14:57:43.555 [main] INFO 46202 Connexion_réussie
2024-12-09 14:54:03.765 [main] INFO 46202 Connexion_réussie
2024-12-09 11:14:46.246 [main] INFO 89927 Connexion_réussie
2024-12-09 09:33:55.315 [main] INFO 88071 Connexion_réussie
2024-12-09 14:22:32.508 [main] INFO 42625 Connexion_réussie
2024-12-09 09:44:00.402 [main] INFO 75689 Connexion_réussie
2024-12-09 16:20:16.919 [main] INFO 88737 Connexion_réussie
2024-12-09 12:49:48.609 [main] INFO 76730 Connexion_réussie
2024-12-09 16:20:13.492 [main] INFO 4985 Connexion_réussie
2024-12-09 15:35:38.213 [main] INFO 13312 Connexion_réussie
2024-12-09 13:32:49.691 [main] INFO 54713 Connexion_réussie
2024-12-09 15:06:39.622 [main] INFO 88579 Connexion_réussie
2024-12-09 14:20:52.755 [main] INFO 46202 Connexion_réussie
2024-12-09 11:27:58.666 [main] INFO 90231 Connexion_réussie
2024-12-09 15:21:17.273 [main] INFO 59740 Connexion_réussie
2024-12-09 16:53:55.323 [main] INFO 4985 Connexion_réussie
2024-12-09 14:35:26.395 [main] INFO 39300 Connexion_réussie
2024-12-09 16:27:30.358 [main] INFO 3643 Connexion_réussie
2024-12-09 09:28:42.605 [main] INFO 86897 Connexion_réussie
2024-12-09 09:06:08.025 [main] INFO 3643 Connexion_réussie
2024-12-09 11:33:47.535 [main] INFO 61714 Connexion_réussie
2024-12-09 14:13:34.985 [main] INFO 39698 Connexion_réussie
2024-12-09 10:44:24.505 [main] INFO 18410 Connexion_réussie
2024-12-09 15:16:05.471 [main] INFO 75689 Connexion_réussie
2024-12-09 16:08:57.324 [main] INFO 18410 Connexion_réussie
2024-12-09 10:31:46.126 [main] INFO 46202 Connexion_réussie
2024-12-09 12:30:02.831 [main] INFO 59283 Connexion_réussie
2024-12-09 12:33:50.771 [main] INFO 46202 Connexion_réussie
2024-12-09 11:21:57.267 [main] INFO 35057 Connexion_réussie
2024-12-09 11:02:48.616 [main] INFO 8980 Connexion_réussie
2024-12-09 14:48:06.531 [main] INFO 11888 Connexion_réussie
2024-12-09 10:14:43.302 [main] INFO 94857 Connexion_réussie
2024-12-09 11:03:18.596 [main] INFO 75689 Connexion_réussie
2024-12-09 13:55:07.254 [main] INFO 49027 Connexion_réussie
2024-12-09 12:13:13.428 [main] INFO 4985 Connexion_réussie
2024-12-09 16:42:16.483 [main] INFO 3643 Connexion_réussie
2024-12-09 14:26:18.634 [main] INFO 16495 Connexion_réussie
2024-12-09 12:25:02.223 [main] INFO 59855 Connexion_réussie
2024-12-09 15:18:37.539 [main] INFO 75689 Connexion_réussie
2024-12-09 13:29:56.047 [main] INFO 18410 Connexion_réussie
2024-12-09 15:01:51.964 [main] INFO 3643 Connexion_réussie
2024-12-09 15:52:03.269 [main] INFO 86513 Connexion_réussie
2024-12-09 14:08:38.249 [main] INFO 18410 Connexion_réussie
2024-12-09 15:02:20.825 [main] INFO 18410 Connexion_réussie
2024-12-09 10:53:28.569 [main] INFO 4985 Connexion_réussie
2024-12-09 13:42:13.756 [main] INFO 18410 Connexion_réussie
2024-12-09 16:19:27.084 [main] INFO 18410 Connexion_réussie
2024-12-09 10:26:29.522 [main] INFO 46202 Connexion_réussie
2024-12-09 11:51:43.562 [main] INFO 4985 Connexion_réussie
2024-12-09 13:12:03.682 [main] INFO 99770 Connexion_réussie
2024-12-09 15:24:54.480 [main] INFO 3643 Connexion_réussie
2024-12-09 14:25:57.781 [main] INFO 3643 Connexion_réussie
2024-12-09 16:41:45.402 [main] INFO 75543 Connexion_réussie
2024-12-09 09:08:59.391 [main] INFO 71400 Connexion_réussie
2024-12-09 14:01:12.481 [main] INFO 3643 Connexion_réussie
2024-12-09 13:45:47.406 [main] INFO 3643 Connexion_réussie
2024-12-09 13:54:33.903 [main] INFO 3643 Connexion_réussie
2024-12-09 10:06:33.230 [main] INFO 46202 Connexion_réussie
2024-12-09 15:39:02.958 [main] INFO 46202 Connexion_réussie
2024-12-09 09:31:31.573 [main] INFO 4985 Connexion_réussie
2024-12-09 09:05:53.609 [main] INFO 18410 Connexion_réussie
2024-12-09 15:54:41.793 [main] INFO 95014 Connexion_réussie
2024-12-09 13:34:22.621 [main] INFO 18410 Connexion_réussie
2024-12-09 16:51:08.674 [main] INFO 35592 Connexion_réussie
2024-12-09 16:25:44.265 [main] INFO 4985 Connexion_réussie
2024-12-09 12:20:45.374 [main] INFO 4985 Connexion_réussie
2024-12-09 16:29:37.045 [main] INFO 18410 Connexion_réussie
2024-12-09 10:35:02.225 [main] INFO 16840 Connexion_réussie
2024-12-09 14:57:31.178 [main] INFO 18410 Connexion_réussie
2024-12-09 13:21:54.735 [main] INFO 18410 Connexion_réussie
2024-12-09 15:49:47.246 [main] INFO 40069 Connexion_réussie
2024-12-09 14:06:29.719 [main] INFO 88307 Connexion_réussie
2024-12-09 10:05:29.625 [main] INFO 4985 Connexion_réussie
2024-12-09 09:55:19.908 [main] INFO 77424 Connexion_réussie
2024-12-09 11:30:35.169 [main] INFO 91434 Connexion_réussie
2024-12-09 10:57:28.738 [main] INFO 4985 Connexion_réussie
2024-12-09 15:53:52.287 [main] INFO 3643 Connexion_réussie
2024-12-09 12:15:26.794 [main] INFO 80787 Connexion_réussie
2024-12-09 09:23:29.197 [main] INFO 46202 Connexion_réussie
2024-12-09 09:05:07.619 [main] INFO 46202 Connexion_réussie
2024-12-09 09:03:58.597 [main] INFO 75689 Connexion_réussie
2024-12-09 14:19:38.446 [main] INFO 46202 Connexion_réussie
2024-12-09 16:37:11.822 [main] INFO 46202 Connexion_réussie
2024-12-09 09:57:39.238 [main] INFO 3643 Connexion_réussie
2024-12-09 16:08:13.773 [main] INFO 46202 Connexion_réussie
2024-12-09 15:13:30.585 [main] INFO 27872 Connexion_réussie
2024-12-09 12:27:44.367 [main] INFO 46202 Connexion_réussie
2024-12-09 14:42:01.870 [main] INFO 75689 Connexion_réussie
2024-12-09 15:44:00.471 [main] INFO 3643 Connexion_réussie
2024-12-09 16:09:33.957 [main] INFO 3643 Connexion_réussie
2024-12-09 09:42:33.120 [main] INFO 3643 Connexion_réussie
2024-12-09 12:21:03.596 [main] INFO 18410 Connexion_réussie
2024-12-09 10:25:29.848 [main] INFO 18410 Connexion_réussie
2024-12-09 13:33:49.788 [main] INFO 3643 Connexion_réussie
2024-12-09 12:09:39.182 [main] INFO 2569 Connexion_réussie
2024-12-09 10:34:12.448 [main] INFO 14991 Connexion_réussie
2024-12-09 13:19:25.050 [main] INFO 46202 Connexion_réussie
2024-12-09 11:27:18.110 [main] INFO 34726 Connexion_réussie
2024-12-09 09:00:58.704 [main] INFO 61489 Connexion_réussie
2024-12-09 14:46:47.765 [main] INFO 51357 Connexion_réussie
2024-12-09 09:40:15.721 [main] INFO 46202 Connexion_réussie
2024-12-09 13:23:56.747 [main] INFO 4985 Connexion_réussie
2024-12-09 14:23:59.943 [main] INFO 24062 Connexion_réussie
2024-12-09 16:28:57.280 [main] INFO 44303 Connexion_réussie
2024-12-09 11:56:34.619 [main] INFO 49458 Connexion_réussie
2024-12-09 09:20:16.307 [main] INFO 4985 Connexion_réussie
2024-12-09 11:54:22.412 [main] INFO 18410 Connexion_réussie
2024-12-09 16:54:57.904 [main] INFO 8877 Connexion_réussie
2024-12-09 13:05:11.118 [main] INFO 18410 Connexion_réussie
2024-12-09 12:59:08.404 [main] INFO 40127 Connexion_réussie
2024-12-09 11:05:21.573 [main] INFO 2061 Connexion_réussie
2024-12-09 16:23:50.870 [main] INFO 3643 Connexion_réussie
2024-12-09 13:42:20.197 [main] INFO 3643 Connexion_réussie
2024-12-09 16:41:35.746 [main] INFO 46202 Connexion_réussie
2024-12-09 11:01:49.399 [main] INFO 54437 Connexion_réussie
2024-12-09 15:14:20.028 [main] INFO 46202 Connexion_réussie
2024-12-09 11:51:57.106 [main] INFO 55013 Connexion_réussie
2024-12-09 10:37:59.007 [main] INFO 18410 Connexion_réussie
2024-12-09 09:51:42.787 [main] INFO 14986 Connexion_réussie
2024-12-09 15:32:32.985 [main] INFO 75689 Connexion_réussie
2024-12-09 16:57:46.723 [main] INFO 3643 Connexion_réussie
2024-12-09 15:22:20.275 [main] INFO 4985 Connexion_réussie
2024-12-09 16:43:36.340 [main] INFO 34762 Connexion_réussie
2024-12-09 11:20:20.833 [main] INFO 35666 Connexion_réussie
2024-12-09 16:49:15.055 [main] INFO 3643 Connexion_réussie
2024-12-09 15:47:11.572 [main] INFO 55991 Connexion_réussie
2024-12-09 09:05:41.533 [main] INFO 18217 Connexion_réussie
2024-12-09 11:21:36.920 [main] INFO 59582 Connexion_réussie
2024-12-09 13:45:13.904 [main] INFO 4985 Connexion_réussie
2024-12-09 13:04:44.398 [main] INFO 55048 Connexion_réussie
2024-12-09 09:24:13.638 [main] INFO 75689 Connexion_réussie
2024-12-09 14:21:53.487 [main] INFO 46202 Connexion_réussie
2024-12-09 11:39:11.786 [main] INFO 23009 Connexion_réussie
2024-12-09 16:21:44.266 [main] INFO 18410 Connexion_réussie
2024-12-09 11:42:19.135 [main] INFO 10396 Connexion_réussie
2024-12-09 11:26:49.523 [main] INFO 18410 Connexion_réussie
2024-12-09 12:27:50.841 [main] INFO 51525 Connexion_réussie
2024-12-09 12:53:32.810 [main] INFO 47256 Connexion_réussie
2024-12-09 09:12:14.946 [main] INFO 18410 Connexion_réussie
2024-12-09 13:39:57.868 [main] INFO 46202 Connexion_réussie
2024-12-09 12:44:17.078 [main] INFO 4985 Connexion_réussie
2024-12-09 14:42:17.329 [main] INFO 4985 Connexion_réussie
2024-12-09 16:17:05.748 [main] INFO 77591 Connexion_réussie
2024-12-09 12:55:32.050 [main] INFO 75689 Connexion_réussie
2024-12-09 12:14:38.761 [main] INFO 18410 Connexion_réussie
2024-12-09 13:46:43.206 [main] INFO 61724 Connexion_réussie
2024-12-09 12:17:28.882 [main] INFO 65906 Connexion_réussie
2024-12-09 15:47:06.153 [main] INFO 46202 Connexion_réussie
2024-12-09 10:33:36.726 [main] INFO 4985 Connexion_réussie
2024-12-09 15:59:39.160 [main] INFO 4985 Connexion_réussie
2024-12-09 11:53:05.551 [main] INFO 45358 Connexion_réussie
2024-12-09 11:46:58.716 [main] INFO 4985 Connexion_réussie
2024-12-09 10:46:56.843 [main] INFO 75689 Connexion_réussie
2024-12-09 16:41:41.426 [main] INFO 67508 Connexion_réussie
2024-12-09 14:37:48.195 [main] INFO 61288 Connexion_réussie
2024-12-09 10:47:13.244 [main] INFO 42313 Connexion_réussie
2024-12-09 10:16:37.711 [main] INFO 90880 Connexion_réussie
2024-12-09 10:51:51.679 [main] INFO 75689 Connexion_réussie
2024-12-09 10:07:48.363 [main] INFO 46202 Connexion_réussie
2024-12-09 10:41:29.433 [main] INFO 4985 Connexion_réussie
2024-12-09 09:57:16.771 [main] INFO 4985 Connexion_réussie
2024-12-09 14:04:08.093 [main] INFO 13440 Connexion_réussie
2024-12-09 10:45:41.903 [main] INFO 97476 Connexion_réussie
2024-12-09 16:56:15.110 [main] INFO 89172 Connexion_réussie
2024-12-09 11:53:05.619 [main] INFO 23785 Connexion_réussie
2024-12-09 15:40:11.989 [main] INFO 4985 Connexion_réussie
2024-12-09 12:46:01.622 [main] INFO 51166 Connexion_réussie
2024-12-09 10:13:42.968 [main] INFO 58790 Connexion_réussie
2024-12-09 09:38:49.404 [main] INFO 4985 Connexion_réussie
2024-12-09 15:51:22.768 [main] INFO 4985 Connexion_réussie
2024-12-09 14:03:55.586 [main] INFO 46202 Connexion_réussie
2024-12-09 16:53:54.814 [main] INFO 3643 Connexion_réussie
2024-12-09 12:55:26.478 [main] INFO 4985 Connexion_réussie
2024-12-09 13:20:32.794 [main] INFO 46202 Connexion_réussie
2024-12-09 16:38:31.521 [main] INFO 16734 Connexion_réussie
2024-12-09 15:23:23.512 [main] INFO 4985 Connexion_réussie
2024-12-09 10:04:07.962 [main] INFO 46202 Connexion_réussie
2024-12-09 14:06:20.337 [main] INFO 4985 Connexion_réussie
2024-12-09 15:04:36.976 [main] INFO 18410 Connexion_réussie
2024-12-09 15:05:16.619 [main] INFO 82606 Connexion_réussie
2024-12-09 12:03:10.892 [main] INFO 3643 Connexion_réussie
2024-12-09 16:00:24.325 [main] INFO 3643 Connexion_réussie
2024-12-09 14:53:37.569 [main] INFO 7943 Connexion_réussie
2024-12-09 12:58:49.570 [main] INFO 63901 Connexion_réussie
2024-12-09 13:47:52.009 [main] INFO 29055 Connexion_réussie
2024-12-09 11:55:40.560 [main] INFO 18410 Connexion_réussie
2024-12-09 10:57:34.636 [main] INFO 75689 Connexion_réussie
2024-12-09 12:27:50.452 [main] INFO 3643 Connexion_réussie
2024-12-09 15:31:05.232 [main] INFO 18410 Connexion_réussie
2024-12-09 11:13:29.445 [main] INFO 91022 Connexion_réussie
2024-12-09 09:43:17.400 [main] INFO 18410 Connexion_réussie
2024-12-09 10:09:57.308 [main] INFO 3643 Connexion_réussie
2024-12-09 09:02:22.027 [main] INFO 70045 Connexion_réussie
2024-12-09 09:39:19.964 [main] INFO 84109 Connexion_réussie
2024-12-09 16:01:13.138 [main] INFO 98442 Connexion_réussie
2024-12-09 16:56:33.667 [main] INFO 30132 Connexion_réussie
2024-12-09 13:15:14.365 [main] INFO 75000 Connexion_réussie
2024-12-09 16:35:20.107 [main] INFO 18410 Connexion_réussie
2024-12-09 11:32:27.811 [main] INFO 4985 Connexion_réussie
2024-12-09 14:40:59.182 [main] INFO 8289 Connexion_réussie
2024-12-09 10:49:39.124 [main] INFO 75689 Connexion_réussie
2024-12-09 10:45:58.349 [main] INFO 75689 Connexion_réussie
2024-12-09 13:19:21.693 [main] INFO 75689 Connexion_réussie
2024-12-09 16:35:43.541 [main] INFO 13871 Connexion_réussie
2024-12-09 13:58:10.143 [main] INFO 4985 Connexion_réussie
2024-12-09 09:32:25.662 [main] INFO 46202 Connexion_réussie
2024-12-09 09:20:46.093 [main] INFO 18410 Connexion_réussie
2024-12-09 10:51:41.264 [main] INFO 27906 Connexion_réussie
2024-12-09 10:03:03.760 [main] INFO 75689 Connexion_réussie
2024-12-09 10:08:52.459 [main] INFO 4985 Connexion_réussie
2024-12-09 15:28:41.809 [main] INFO 94038 Connexion_réussie
2024-12-09 14:03:58.810 [main] INFO 16740 Connexion_réussie
2024-12-09 11:37:15.066 [main] INFO 18410 Connexion_réussie
2024-12-09 13:56:36.997 [main] INFO 90800 Connexion_réussie
2024-12-09 10:54:26.097 [main] INFO 4985 Connexion_réussie
2024-12-09 14:29:35.017 [main] INFO 42092 Connexion_réussie
2024-12-09 10:51:40.451 [main] INFO 18410 Connexion_réussie
2024-12-09 09:12:21.421 [main] INFO 4985 Connexion_réussie
2024-12-09 13:06:44.376 [main] INFO 18410 Connexion_réussie
2024-12-09 11:04:11.930 [main] INFO 18410 Connexion_réussie
2024-12-09 10:21:33.297 [main] INFO 36560 Connexion_réussie
2024-12-09 10:55:33.912 [main] INFO 4256 Connexion_réussie
2024-12-09 15:09:18.587 [main] INFO 82259 Connexion_réussie
2024-12-09 13:34:22.608 [main] INFO 75689 Connexion_réussie
2024-12-09 15:10:12.591 [main] INFO 15209 Connexion_réussie
2024-12-09 12:41:28.354 [main] INFO 75689 Connexion_réussie
2024-12-09 13:42:39.832 [main] INFO 90584 Connexion_réussie
2024-12-09 10:21:39.629 [main] INFO 18410 Connexion_réussie
2024-12-09 16:16:59.383 [main] INFO 75689 Connexion_réussie
2024-12-09 09:04:30.805 [main] INFO 49434 Connexion_réussie
2024-12-09 11:28:59.183 [main] INFO 24656 Connexion_réussie
2024-12-09 09:37:03.142 [main] INFO 1307 Connexion_réussie
2024-12-09 11:47:08.216 [main] INFO 3643 Connexion_réussie
2024-12-09 12:09:49.259 [main] INFO 18410 Connexion_réussie
2024-12-09 16:50:44.595 [main] INFO 46202 Connexion_réussie
2024-12-09 13:46:12.338 [main] INFO 97831 Connexion_réussie
2024-12-09 12:32:30.665 [main] INFO 5003 Connexion_réussie
2024-12-09 14:02:13.270 [main] INFO 84560 Connexion_réussie
2024-12-09 16:16:06.983 [main] INFO 6656 Connexion_réussie
2024-12-09 13:33:40.553 [main] INFO 46202 Connexion_réussie
2024-12-09 09:01:42.202 [main] INFO 93102 Connexion_réussie
2024-12-09 10:17:14.590 [main] INFO 38768 Connexion_réussie
2024-12-09 11:34:43.180 [main] INFO 3643 Connexion_réussie
2024-12-09 09:02:24.599 [main] INFO 96270 Connexion_réussie
2024-12-09 14:14:07.337 [main] INFO 18410 Connexion_réussie
2024-12-09 15:06:14.777 [main] INFO 3643 Connexion_réussie
2024-12-09 15:08:05.536 [main] INFO 4985 Connexion_réussie
2024-12-09 16:22:42.897 [main] INFO 75689 Connexion_réussie
2024-12-09 13:27:31.137 [main] INFO 4985 Connexion_réussie
2024-12-09 15:15:09.994 [main] INFO 75689 Connexion_réussie
2024-12-09 15:17:20.535 [main] INFO 18410 Connexion_réussie
2024-12-09 15:09:20.982 [main] INFO 46202 Connexion_réussie
2024-12-09 13:16:40.555 [main] INFO 3643 Connexion_réussie
2024-12-09 14:51:56.469 [main] INFO 75689 Connexion_réussie
2024-12-09 10:12:05.525 [main] INFO 3643 Connexion_réussie
2024-12-09 09:04:47.654 [main] INFO 4985 Connexion_réussie
2024-12-09 15:30:28.599 [main] INFO 4985 Connexion_réussie
2024-12-09 12:33:35.240 [main] INFO 75689 Connexion_réussie
2024-12-09 11:20:34.720 [main] INFO 2672 Connexion_réussie
2024-12-09 12:50:01.877 [main] INFO 3643 Connexion_réussie
2024-12-09 15:13:51.354 [main] INFO 38282 Connexion_réussie
2024-12-09 10:03:27.947 [main] INFO 46202 Connexion_réussie
2024-12-09 11:42:44.073 [main] INFO 22945 Connexion_réussie
2024-12-09 14:57:24.023 [main] INFO 37717 Connexion_réussie
2024-12-09 10:41:44.961 [main] INFO 36168 Connexion_réussie
2024-12-09 09:56:01.072 [main] INFO 46202 Connexion_réussie
2024-12-09 13:02:08.051 [main] INFO 56939 Connexion_réussie
2024-12-09 09:46:05.836 [main] INFO 75689 Connexion_réussie
2024-12-09 09:02:16.739 [main] INFO 65332 Connexion_réussie
2024-12-09 10:44:30.762 [main] INFO 20749 Connexion_réussie
2024-12-09 16:46:03.049 [main] INFO 89245 Connexion_réussie
2024-12-09 16:19:19.068 [main] INFO 3643 Connexion_réussie
2024-12-09 12:22:00.265 [main] INFO 18410 Connexion_réussie
2024-12-09 13:48:46.479 [main] INFO 95607 Connexion_réussie
2024-12-09 15:17:59.594 [main] INFO 81692 Connexion_réussie
2024-12-09 13:50:26.130 [main] INFO 75689 Connexion_réussie
2024-12-09 10:55:02.280 [main] INFO 18410 Connexion_réussie
2024-12-09 15:19:10.873 [main] INFO 3643 Connexion_réussie
2024-12-09 16:33:04.438 [main] INFO 46202 Connexion_réussie
2024-12-09 09:15:53.196 [main] INFO 4985 Connexion_réussie
2024-12-09 09:15:37.308 [main] INFO 19390 Connexion_réussie
2024-12-09 16:54:14.175 [main] INFO 18410 Connexion_réussie
2024-12-09 11:30:37.441 [main] INFO 4985 Connexion_réussie
2024-12-09 11:11:09.287 [main] INFO 75689 Connexion_réussie
2024-12-09 14:53:22.237 [main] INFO 18410 Connexion_réussie
2024-12-09 15:33:08.887 [main] INFO 63152 Connexion_réussie
2024-12-09 15:32:13.118 [main] INFO 46202 Connexion_réussie
2024-12-09 16:26:36.558 [main] INFO 3643 Connexion_réussie
2024-12-09 16:42:04.173 [main] INFO 75689 Connexion_réussie
2024-12-09 14:23:20.958 [main] INFO 9943 Connexion_réussie
2024-12-09 16:08:02.523 [main] INFO 98896 Connexion_réussie
2024-12-09 09:49:07.299 [main] INFO 18410 Connexion_réussie
2024-12-09 12:38:06.014 [main] INFO 3643 Connexion_réussie
2024-12-09 10:42:18.157 [main] INFO 75689 Connexion_réussie
2024-12-09 14:33:14.611 [main] INFO 90037 Connexion_réussie
2024-12-09 09:39:53.794 [main] INFO 75689 Connexion_réussie
2024-12-09 13:54:44.167 [main] INFO 46202 Connexion_réussie
2024-12-09 12:29:44.668 [main] INFO 75689 Connexion_réussie
2024-12-09 11:51:33.149 [main] INFO 18410 Connexion_réussie
2024-12-09 09:46:51.244 [main] INFO 83178 Connexion_réussie
2024-12-09 14:24:26.006 [main] INFO 75689 Connexion_réussie
2024-12-09 16:32:54.041 [main] INFO 3643 Connexion_réussie
2024-12-09 10:50:33.464 [main] INFO 18410 Connexion_réussie
2024-12-09 12:45:42.400 [main] INFO 76592 Connexion_réussie
2024-12-09 12:08:25.773 [main] INFO 11785 Connexion_réussie
2024-12-09 09:18:52.793 [main] INFO 75689 Connexion_réussie
2024-12-09 13:42:36.922 [main] INFO 75689 Connexion_réussie
2024-12-09 12:46:29.219 [main] INFO 46202 Connexion_réussie
2024-12-09 12:59:09.200 [main] INFO 86415 Connexion_réussie
2024-12-09 13:43:20.572 [main] INFO 75689 Connexion_réussie
2024-12-09 10:23:13.539 [main] INFO 3643 Connexion_réussie
2024-12-09 10:01:08.207 [main] INFO 81941 Connexion_réussie
2024-12-09 10:42:42.740 [main] INFO 4985 Connexion_réussie
2024-12-09 10:06:22.539 [main] INFO 75689 Connexion_réussie
2024-12-09 09:08:19.453 [main] INFO 18410 Connexion_réussie
2024-12-09 11:34:31.766 [main] INFO 46202 Connexion_réussie
2024-12-09 12:11:15.872 [main] INFO 84916 Connexion_réussie
2024-12-09 12:23:39.948 [main] INFO 46202 Connexion_réussie
2024-12-09 15:03:57.301 [main] INFO 75689 Connexion_réussie
2024-12-09 15:29:09.559 [main] INFO 4985 Connexion_réussie
2024-12-09 11:01:19.079 [main] INFO 1999 Connexion_réussie
2024-12-09 13:25:35.956 [main] INFO 46202 Connexion_réussie
2024-12-09 15:10:31.465 [main] INFO 18410 Connexion_réussie
2024-12-09 14:15:50.174 [main] INFO 18410 Connexion_réussie
2024-12-09 13:18:36.730 [main] INFO 18410 Connexion_réussie
2024-12-09 09:23:15.218 [main] INFO 98958 Connexion_réussie
2024-12-09 15:38:37.026 [main] INFO 18410 Connexion_réussie
2024-12-09 12:17:39.479 [main] INFO 87880 Connexion_réussie
2024-12-09 09:27:34.713 [main] INFO 76010 Connexion_réussie
2024-12-09 09:37:48.505 [main] INFO 4985 Connexion_réussie
2024-12-09 11:58:00.707 [main] INFO 39366 Connexion_réussie
2024-12-09 14:07:52.138 [main] INFO 4985 Connexion_réussie
2024-12-09 14:13:39.209 [main] INFO 4985 Connexion_réussie
2024-12-09 14:22:15.340 [main] INFO 46202 Connexion_réussie
2024-12-09 09:51:53.271 [main] INFO 18410 Connexion_réussie
2024-12-09 09:52:18.774 [main] INFO 3643 Connexion_réussie
2024-12-09 10:01:18.413 [main] INFO 527 Connexion_réussie
2024-12-09 16:55:56.210 [main] INFO 3643 Connexion_réussie
2024-12-09 14:17:05.501 [main] INFO 4985 Connexion_réussie
2024-12-09 10:03:55.257 [main] INFO 49506 Connexion_réussie
2024-12-09 14:07:14.521 [main] INFO 4985 Connexion_réussie
2024-12-09 09:53:16.219 [main] INFO 46202 Connexion_réussie
2024-12-09 10:10:18.886 [main] INFO 18410 Connexion_réussie
2024-12-09 12:11:20.789 [main] INFO 75689 Connexion_réussie
2024-12-09 11:17:06.752 [main] INFO 46202 Connexion_réussie
2024-12-09 12:45:47.136 [main] INFO 75689 Connexion_réussie
2024-12-09 16:16:58.995 [main] INFO 23579 Connexion_réussie
2024-12-09 09:49:56.355 [main] INFO 3643 Connexion_réussie
2024-12-09 16:00:20.780 [main] INFO 77054 Connexion_réussie
2024-12-09 12:26:43.189 [main] INFO 3643 Connexion_réussie
2024-12-09 16:39:43.050 [main] INFO 35111 Connexion_réussie
2024-12-09 13:32:11.794 [main] INFO 59034 Connexion_réussie
2024-12-09 11:51:25.621 [main] INFO 75689 Connexion_réussie
2024-12-09 10:01:52.936 [main] INFO 36692 Connexion_réussie
2024-12-09 14:45:54.537 [main] INFO 2601 Connexion_réussie
2024-12-09 11:58:48.359 [main] INFO 3643 Connexion_réussie
2024-12-09 14:38:21.175 [main] INFO 75689 Connexion_réussie
2024-12-09 14:10:03.034 [main] INFO 75689 Connexion_réussie
2024-12-09 11:04:33.177 [main] INFO 18410 Connexion_réussie
2024-12-09 16:35:08.277 [main] INFO 42817 Connexion_réussie
2024-12-09 12:40:48.839 [main] INFO 21775 Connexion_réussie
2024-12-09 14:20:39.276 [main] INFO 75689 Connexion_réussie
2024-12-09 14:47:28.579 [main] INFO 46202 Connexion_réussie
2024-12-09 14:36:14.869 [main] INFO 10300 Connexion_réussie
2024-12-09 10:50:51.157 [main] INFO 18410 Connexion_réussie
2024-12-09 12:59:59.643 [main] INFO 20795 Connexion_réussie
2024-12-09 15:02:49.588 [main] INFO 95037 Connexion_réussie
2024-12-09 16:48:33.574 [main] INFO 80816 Connexion_réussie
2024-12-09 13:45:37.890 [main] INFO 46202 Connexion_réussie
2024-12-09 14:22:34.723 [main] INFO 54767 Connexion_réussie
2024-12-09 15:29:04.139 [main] INFO 46202 Connexion_réussie
2024-12-09 10:21:54.028 [main] INFO 43578 Connexion_réussie
2024-12-09 15:11:47.794 [main] INFO 97159 Connexion_réussie
2024-12-09 10:02:43.565 [main] INFO 18410 Connexion_réussie
2024-12-09 12:35:25.695 [main] INFO 35723 Connexion_réussie
2024-12-09 12:06:55.756 [main] INFO 18410 Connexion_réussie
2024-12-09 12:35:13.833 [main] INFO 18410 Connexion_réussie
2024-12-09 10:27:27.835 [main] INFO 3643 Connexion_réussie
2024-12-09 12:46:10.149 [main] INFO 21806 Connexion_réussie
2024-12-09 14:33:42.637 [main] INFO 4985 Connexion_réussie
2024-12-09 13:16:15.017 [main] INFO 12694 Connexion_réussie
2024-12-09 12:01:14.713 [main] INFO 75689 Connexion_réussie
2024-12-09 14:16:06.695 [main] INFO 18410 Connexion_réussie
2024-12-09 11:52:44.103 [main] INFO 75689 Connexion_réussie
2024-12-09 12:10:50.368 [main] INFO 75689 Connexion_réussie
2024-12-09 14:35:59.381 [main] INFO 16163 Connexion_réussie
2024-12-09 10:34:41.492 [main] INFO 70723 Connexion_réussie
2024-12-09 09:26:27.493 [main] INFO 3643 Connexion_réussie
2024-12-09 15:42:57.965 [main] INFO 4985 Connexion_réussie
2024-12-09 10:08:24.559 [main] INFO 3643 Connexion_réussie
2024-12-09 14:20:14.918 [main] INFO 89295 Connexion_réussie
2024-12-09 15:39:49.949 [main] INFO 4985 Connexion_réussie
2024-12-09 13:12:05.163 [main] INFO 75350 Connexion_réussie
2024-12-09 11:45:28.144 [main] INFO 18410 Connexion_réussie
2024-12-09 12:01:40.237 [main] INFO 21763 Connexion_réussie
2024-12-09 12:18:24.478 [main] INFO 4985 Connexion_réussie
2024-12-09 11:51:58.058 [main] INFO 4985 Connexion_réussie
2024-12-09 11:23:21.077 [main] INFO 4985 Connexion_réussie
2024-12-09 16:38:07.631 [main] INFO 89868 Connexion_réussie
2024-12-09 12:44:56.304 [main] INFO 15028 Connexion_réussie
2024-12-09 11:53:52.412 [main] INFO 3643 Connexion_réussie
2024-12-09 12:08:43.083 [main] INFO 75689 Connexion_réussie
2024-12-09 15:27:12.331 [main] INFO 52817 Connexion_réussie
2024-12-09 11:39:49.606 [main] INFO 75689 Connexion_réussie
2024-12-09 09:02:43.676 [main] INFO 4985 Connexion_réussie
2024-12-09 14:05:35.459 [main] INFO 75689 Connexion_réussie
2024-12-09 16:58:13.360 [main] INFO 3643 Connexion_réussie
2024-12-09 09:49:59.197 [main] INFO 46202 Connexion_réussie
2024-12-09 21:45:32.695 [main] INFO 46202 Connexion_réussie
2024-12-09 20:12:13.895 [main] INFO 78824 Connexion_réussie
2024-12-09 19:01:43.264 [main] INFO 75689 Connexion_réussie
2024-12-09 21:41:27.740 [main] INFO 3643 Connexion_réussie
2024-12-09 16:49:22.342 [main] INFO 82013 Connexion_réussie
2024-12-09 23:38:03.161 [main] INFO 75877 Connexion_réussie
2024-12-09 19:31:43.746 [main] INFO 3643 Connexion_réussie
2024-12-09 20:53:50.213 [main] INFO 18410 Connexion_réussie
2024-12-09 17:44:30.736 [main] INFO 99764 Connexion_réussie
2024-12-09 21:28:09.977 [main] INFO 98472 Connexion_réussie
2024-12-09 19:53:50.338 [main] INFO 53318 Connexion_réussie
2024-12-09 20:11:46.009 [main] INFO 75689 Connexion_réussie
2024-12-09 20:21:56.155 [main] INFO 3643 Connexion_réussie
2024-12-09 17:33:43.279 [main] INFO 75689 Connexion_réussie
2024-12-09 19:05:17.097 [main] INFO 76311 Connexion_réussie
